<?xml version="1.0" encoding="UTF-8"?>
<coverage generated="1665212108890" clover="3.2.0">
  <project timestamp="1665212108890" name="All files">
    <metrics statements="364" coveredstatements="364" conditionals="153" coveredconditionals="153" methods="97" coveredmethods="97" elements="614" coveredelements="614" complexity="0" loc="364" ncloc="364" packages="4" files="17" classes="17"/>
    <package name="src">
      <metrics statements="40" coveredstatements="40" conditionals="2" coveredconditionals="2" methods="10" coveredmethods="10"/>
      <file name="axios.ts" path="/Users/bytedance/Desktop/110.基于TypeScript从零重构axios/ts-axios/src/axios.ts">
        <metrics statements="23" coveredstatements="23" conditionals="0" coveredconditionals="0" methods="5" coveredmethods="5"/>
        <line num="2" count="12" type="stmt"/>
        <line num="3" count="12" type="stmt"/>
        <line num="4" count="12" type="stmt"/>
        <line num="5" count="12" type="stmt"/>
        <line num="6" count="12" type="stmt"/>
        <line num="7" count="12" type="stmt"/>
        <line num="10" count="36" type="stmt"/>
        <line num="11" count="36" type="stmt"/>
        <line num="13" count="36" type="stmt"/>
        <line num="15" count="36" type="stmt"/>
        <line num="18" count="12" type="stmt"/>
        <line num="20" count="12" type="stmt"/>
        <line num="21" count="24" type="stmt"/>
        <line num="24" count="12" type="stmt"/>
        <line num="25" count="12" type="stmt"/>
        <line num="26" count="12" type="stmt"/>
        <line num="28" count="12" type="stmt"/>
        <line num="29" count="2" type="stmt"/>
        <line num="32" count="12" type="stmt"/>
        <line num="33" count="1" type="stmt"/>
        <line num="34" count="1" type="stmt"/>
        <line num="38" count="12" type="stmt"/>
        <line num="40" count="12" type="stmt"/>
      </file>
      <file name="defaults.ts" path="/Users/bytedance/Desktop/110.基于TypeScript从零重构axios/ts-axios/src/defaults.ts">
        <metrics statements="14" coveredstatements="14" conditionals="2" coveredconditionals="2" methods="5" coveredmethods="5"/>
        <line num="2" count="12" type="stmt"/>
        <line num="3" count="12" type="stmt"/>
        <line num="5" count="12" type="stmt"/>
        <line num="22" count="60" type="stmt"/>
        <line num="23" count="60" type="stmt"/>
        <line num="29" count="18" type="stmt"/>
        <line num="34" count="15" type="cond" truecount="2" falsecount="0"/>
        <line num="38" count="12" type="stmt"/>
        <line num="40" count="12" type="stmt"/>
        <line num="41" count="48" type="stmt"/>
        <line num="44" count="12" type="stmt"/>
        <line num="46" count="12" type="stmt"/>
        <line num="47" count="36" type="stmt"/>
        <line num="52" count="12" type="stmt"/>
      </file>
      <file name="index.ts" path="/Users/bytedance/Desktop/110.基于TypeScript从零重构axios/ts-axios/src/index.ts">
        <metrics statements="3" coveredstatements="3" conditionals="0" coveredconditionals="0" methods="0" coveredmethods="0"/>
        <line num="1" count="12" type="stmt"/>
        <line num="3" count="12" type="stmt"/>
        <line num="5" count="12" type="stmt"/>
      </file>
    </package>
    <package name="src.cancel">
      <metrics statements="23" coveredstatements="23" conditionals="4" coveredconditionals="4" methods="10" coveredmethods="10"/>
      <file name="Cancel.ts" path="/Users/bytedance/Desktop/110.基于TypeScript从零重构axios/ts-axios/src/cancel/Cancel.ts">
        <metrics statements="5" coveredstatements="5" conditionals="0" coveredconditionals="0" methods="3" coveredmethods="3"/>
        <line num="1" count="14" type="stmt"/>
        <line num="5" count="11" type="stmt"/>
        <line num="7" count="14" type="stmt"/>
        <line num="9" count="14" type="stmt"/>
        <line num="10" count="2" type="stmt"/>
      </file>
      <file name="CancelToken.ts" path="/Users/bytedance/Desktop/110.基于TypeScript从零重构axios/ts-axios/src/cancel/CancelToken.ts">
        <metrics statements="18" coveredstatements="18" conditionals="4" coveredconditionals="4" methods="7" coveredmethods="7"/>
        <line num="3" count="13" type="stmt"/>
        <line num="9" count="13" type="stmt"/>
        <line num="13" count="11" type="stmt"/>
        <line num="15" count="11" type="stmt"/>
        <line num="16" count="11" type="stmt"/>
        <line num="19" count="11" type="stmt"/>
        <line num="20" count="10" type="cond" truecount="2" falsecount="0"/>
        <line num="21" count="1" type="stmt"/>
        <line num="23" count="9" type="stmt"/>
        <line num="24" count="9" type="stmt"/>
        <line num="28" count="13" type="stmt"/>
        <line num="29" count="6" type="cond" truecount="2" falsecount="0"/>
        <line num="30" count="2" type="stmt"/>
        <line num="34" count="13" type="stmt"/>
        <line num="36" count="5" type="stmt"/>
        <line num="37" count="5" type="stmt"/>
        <line num="39" count="5" type="stmt"/>
        <line num="44" count="13" type="stmt"/>
      </file>
    </package>
    <package name="src.core">
      <metrics statements="180" coveredstatements="180" conditionals="87" coveredconditionals="87" methods="49" coveredmethods="49"/>
      <file name="Axios.ts" path="/Users/bytedance/Desktop/110.基于TypeScript从零重构axios/ts-axios/src/core/Axios.ts">
        <metrics statements="46" coveredstatements="46" conditionals="8" coveredconditionals="8" methods="15" coveredmethods="15"/>
        <line num="9" count="12" type="stmt"/>
        <line num="10" count="12" type="stmt"/>
        <line num="11" count="12" type="stmt"/>
        <line num="23" count="12" type="stmt"/>
        <line num="28" count="36" type="stmt"/>
        <line num="29" count="36" type="stmt"/>
        <line num="35" count="12" type="stmt"/>
        <line num="36" count="62" type="cond" truecount="2" falsecount="0"/>
        <line num="37" count="32" type="cond" truecount="2" falsecount="0"/>
        <line num="38" count="19" type="stmt"/>
        <line num="40" count="32" type="stmt"/>
        <line num="42" count="30" type="stmt"/>
        <line num="45" count="62" type="stmt"/>
        <line num="46" count="62" type="stmt"/>
        <line num="48" count="62" type="stmt"/>
        <line num="55" count="62" type="stmt"/>
        <line num="56" count="7" type="stmt"/>
        <line num="59" count="62" type="stmt"/>
        <line num="60" count="8" type="stmt"/>
        <line num="63" count="62" type="stmt"/>
        <line num="65" count="62" type="stmt"/>
        <line num="66" count="77" type="stmt"/>
        <line num="67" count="77" type="stmt"/>
        <line num="70" count="62" type="stmt"/>
        <line num="73" count="12" type="stmt"/>
        <line num="74" count="12" type="stmt"/>
        <line num="77" count="12" type="stmt"/>
        <line num="78" count="1" type="stmt"/>
        <line num="81" count="12" type="stmt"/>
        <line num="82" count="1" type="stmt"/>
        <line num="85" count="12" type="stmt"/>
        <line num="86" count="1" type="stmt"/>
        <line num="89" count="12" type="stmt"/>
        <line num="90" count="12" type="stmt"/>
        <line num="93" count="12" type="stmt"/>
        <line num="94" count="1" type="stmt"/>
        <line num="97" count="12" type="stmt"/>
        <line num="98" count="1" type="stmt"/>
        <line num="101" count="12" type="stmt"/>
        <line num="102" count="1" type="stmt"/>
        <line num="103" count="1" type="stmt"/>
        <line num="106" count="12" type="stmt"/>
        <line num="111" count="15" type="stmt"/>
        <line num="119" count="12" type="stmt"/>
        <line num="125" count="14" type="stmt"/>
        <line num="133" count="12" type="stmt"/>
      </file>
      <file name="InterceptorManager.ts" path="/Users/bytedance/Desktop/110.基于TypeScript从零重构axios/ts-axios/src/core/InterceptorManager.ts">
        <metrics statements="13" coveredstatements="13" conditionals="4" coveredconditionals="4" methods="6" coveredmethods="6"/>
        <line num="8" count="12" type="stmt"/>
        <line num="12" count="72" type="stmt"/>
        <line num="15" count="12" type="stmt"/>
        <line num="16" count="17" type="stmt"/>
        <line num="20" count="17" type="stmt"/>
        <line num="23" count="12" type="stmt"/>
        <line num="24" count="124" type="stmt"/>
        <line num="25" count="16" type="cond" truecount="2" falsecount="0"/>
        <line num="26" count="15" type="stmt"/>
        <line num="31" count="12" type="stmt"/>
        <line num="32" count="2" type="cond" truecount="2" falsecount="0"/>
        <line num="33" count="1" type="stmt"/>
        <line num="36" count="12" type="stmt"/>
      </file>
      <file name="dispatchRequest.ts" path="/Users/bytedance/Desktop/110.基于TypeScript从零重构axios/ts-axios/src/core/dispatchRequest.ts">
        <metrics statements="24" coveredstatements="24" conditionals="10" coveredconditionals="10" methods="7" coveredmethods="7"/>
        <line num="2" count="12" type="stmt"/>
        <line num="3" count="12" type="stmt"/>
        <line num="4" count="12" type="stmt"/>
        <line num="5" count="12" type="stmt"/>
        <line num="7" count="12" type="stmt"/>
        <line num="8" count="62" type="stmt"/>
        <line num="9" count="61" type="stmt"/>
        <line num="10" count="61" type="stmt"/>
        <line num="12" count="14" type="stmt"/>
        <line num="15" count="7" type="cond" truecount="4" falsecount="0"/>
        <line num="16" count="2" type="stmt"/>
        <line num="18" count="7" type="stmt"/>
        <line num="24" count="61" type="stmt"/>
        <line num="25" count="61" type="stmt"/>
        <line num="26" count="61" type="stmt"/>
        <line num="29" count="12" type="stmt"/>
        <line num="30" count="248" type="stmt"/>
        <line num="31" count="62" type="cond" truecount="4" falsecount="0"/>
        <line num="32" count="4" type="stmt"/>
        <line num="34" count="62" type="stmt"/>
        <line num="38" count="16" type="stmt"/>
        <line num="39" count="16" type="stmt"/>
        <line num="43" count="62" type="cond" truecount="2" falsecount="0"/>
        <line num="44" count="4" type="stmt"/>
      </file>
      <file name="mergeConfig.ts" path="/Users/bytedance/Desktop/110.基于TypeScript从零重构axios/ts-axios/src/core/mergeConfig.ts">
        <metrics statements="30" coveredstatements="30" conditionals="16" coveredconditionals="16" methods="7" coveredmethods="7"/>
        <line num="2" count="12" type="stmt"/>
        <line num="4" count="12" type="stmt"/>
        <line num="7" count="658" type="cond" truecount="2" falsecount="0"/>
        <line num="11" count="84" type="cond" truecount="2" falsecount="0"/>
        <line num="12" count="76" type="stmt"/>
        <line num="17" count="101" type="cond" truecount="2" falsecount="0"/>
        <line num="18" count="11" type="stmt"/>
        <line num="19" count="90" type="cond" truecount="2" falsecount="0"/>
        <line num="20" count="2" type="stmt"/>
        <line num="21" count="88" type="cond" truecount="2" falsecount="0"/>
        <line num="22" count="87" type="stmt"/>
        <line num="24" count="1" type="stmt"/>
        <line num="28" count="12" type="stmt"/>
        <line num="30" count="12" type="stmt"/>
        <line num="31" count="36" type="stmt"/>
        <line num="34" count="12" type="stmt"/>
        <line num="36" count="12" type="stmt"/>
        <line num="37" count="24" type="stmt"/>
        <line num="40" count="12" type="stmt"/>
        <line num="44" count="97" type="cond" truecount="2" falsecount="0"/>
        <line num="45" count="22" type="stmt"/>
        <line num="48" count="97" type="stmt"/>
        <line num="50" count="97" type="stmt"/>
        <line num="51" count="147" type="stmt"/>
        <line num="54" count="97" type="stmt"/>
        <line num="55" count="746" type="cond" truecount="2" falsecount="0"/>
        <line num="56" count="696" type="stmt"/>
        <line num="61" count="843" type="cond" truecount="2" falsecount="0"/>
        <line num="62" count="843" type="stmt"/>
        <line num="65" count="97" type="stmt"/>
      </file>
      <file name="transform.ts" path="/Users/bytedance/Desktop/110.基于TypeScript从零重构axios/ts-axios/src/core/transform.ts">
        <metrics statements="8" coveredstatements="8" conditionals="4" coveredconditionals="4" methods="2" coveredmethods="2"/>
        <line num="3" count="12" type="stmt"/>
        <line num="8" count="77" type="cond" truecount="2" falsecount="0"/>
        <line num="9" count="1" type="stmt"/>
        <line num="11" count="76" type="cond" truecount="2" falsecount="0"/>
        <line num="12" count="2" type="stmt"/>
        <line num="14" count="76" type="stmt"/>
        <line num="15" count="77" type="stmt"/>
        <line num="17" count="76" type="stmt"/>
      </file>
      <file name="xhr.ts" path="/Users/bytedance/Desktop/110.基于TypeScript从零重构axios/ts-axios/src/core/xhr.ts">
        <metrics statements="59" coveredstatements="59" conditionals="45" coveredconditionals="45" methods="12" coveredmethods="12"/>
        <line num="2" count="12" type="stmt"/>
        <line num="3" count="12" type="stmt"/>
        <line num="4" count="12" type="stmt"/>
        <line num="5" count="12" type="stmt"/>
        <line num="6" count="12" type="stmt"/>
        <line num="8" count="12" type="stmt"/>
        <line num="9" count="61" type="stmt"/>
        <line num="11" count="61" type="cond" truecount="2" falsecount="0"/>
        <line num="14" count="61" type="cond" truecount="2" falsecount="0"/>
        <line num="25" count="854" type="stmt"/>
        <line num="27" count="61" type="stmt"/>
        <line num="29" count="61" type="stmt"/>
        <line num="31" count="61" type="stmt"/>
        <line num="33" count="61" type="stmt"/>
        <line num="35" count="61" type="stmt"/>
        <line num="37" count="60" type="stmt"/>
        <line num="39" count="60" type="stmt"/>
        <line num="42" count="61" type="cond" truecount="2" falsecount="0"/>
        <line num="43" count="1" type="stmt"/>
        <line num="46" count="61" type="cond" truecount="2" falsecount="0"/>
        <line num="47" count="2" type="stmt"/>
        <line num="50" count="61" type="cond" truecount="2" falsecount="0"/>
        <line num="51" count="2" type="stmt"/>
        <line num="56" count="61" type="stmt"/>
        <line num="57" count="38" type="cond" truecount="2" falsecount="0"/>
        <line num="58" count="20" type="stmt"/>
        <line num="61" count="18" type="cond" truecount="2" falsecount="0"/>
        <line num="62" count="1" type="stmt"/>
        <line num="65" count="17" type="stmt"/>
        <line num="67" count="17" type="cond" truecount="4" falsecount="0"/>
        <line num="68" count="17" type="stmt"/>
        <line num="76" count="17" type="stmt"/>
        <line num="79" count="61" type="stmt"/>
        <line num="80" count="1" type="stmt"/>
        <line num="83" count="61" type="stmt"/>
        <line num="84" count="1" type="stmt"/>
        <line num="89" count="61" type="cond" truecount="2" falsecount="0"/>
        <line num="90" count="1" type="stmt"/>
        <line num="93" count="61" type="cond" truecount="2" falsecount="0"/>
        <line num="94" count="1" type="stmt"/>
        <line num="99" count="61" type="cond" truecount="2" falsecount="0"/>
        <line num="100" count="1" type="stmt"/>
        <line num="103" count="61" type="cond" truecount="5" falsecount="0"/>
        <line num="104" count="56" type="stmt"/>
        <line num="105" count="56" type="cond" truecount="4" falsecount="0"/>
        <line num="106" count="3" type="stmt"/>
        <line num="110" count="61" type="cond" truecount="2" falsecount="0"/>
        <line num="111" count="4" type="stmt"/>
        <line num="114" count="60" type="stmt"/>
        <line num="115" count="94" type="cond" truecount="4" falsecount="0"/>
        <line num="116" count="9" type="stmt"/>
        <line num="118" count="85" type="stmt"/>
        <line num="124" count="60" type="cond" truecount="2" falsecount="0"/>
        <line num="125" count="3" type="stmt"/>
        <line num="127" count="3" type="stmt"/>
        <line num="128" count="3" type="stmt"/>
        <line num="140" count="17" type="cond" truecount="4" falsecount="0"/>
        <line num="141" count="15" type="stmt"/>
        <line num="143" count="2" type="stmt"/>
      </file>
    </package>
    <package name="src.helpers">
      <metrics statements="121" coveredstatements="121" conditionals="60" coveredconditionals="60" methods="28" coveredmethods="28"/>
      <file name="cookie.ts" path="/Users/bytedance/Desktop/110.基于TypeScript从零重构axios/ts-axios/src/helpers/cookie.ts">
        <metrics statements="4" coveredstatements="4" conditionals="2" coveredconditionals="2" methods="1" coveredmethods="1"/>
        <line num="1" count="13" type="stmt"/>
        <line num="3" count="58" type="stmt"/>
        <line num="4" count="58" type="cond" truecount="2" falsecount="0"/>
        <line num="8" count="13" type="stmt"/>
      </file>
      <file name="data.ts" path="/Users/bytedance/Desktop/110.基于TypeScript从零重构axios/ts-axios/src/helpers/data.ts">
        <metrics statements="10" coveredstatements="10" conditionals="4" coveredconditionals="4" methods="2" coveredmethods="2"/>
        <line num="1" count="13" type="stmt"/>
        <line num="3" count="13" type="stmt"/>
        <line num="4" count="62" type="cond" truecount="2" falsecount="0"/>
        <line num="5" count="7" type="stmt"/>
        <line num="7" count="55" type="stmt"/>
        <line num="10" count="13" type="stmt"/>
        <line num="11" count="21" type="cond" truecount="2" falsecount="0"/>
        <line num="12" count="19" type="stmt"/>
        <line num="13" count="19" type="stmt"/>
        <line num="18" count="21" type="stmt"/>
      </file>
      <file name="error.ts" path="/Users/bytedance/Desktop/110.基于TypeScript从零重构axios/ts-axios/src/helpers/error.ts">
        <metrics statements="5" coveredstatements="5" conditionals="0" coveredconditionals="0" methods="2" coveredmethods="2"/>
        <line num="3" count="13" type="stmt"/>
        <line num="28" count="13" type="stmt"/>
        <line num="30" count="13" type="stmt"/>
        <line num="37" count="5" type="stmt"/>
        <line num="39" count="5" type="stmt"/>
      </file>
      <file name="headers.ts" path="/Users/bytedance/Desktop/110.基于TypeScript从零重构axios/ts-axios/src/helpers/headers.ts">
        <metrics statements="33" coveredstatements="33" conditionals="18" coveredconditionals="18" methods="7" coveredmethods="7"/>
        <line num="1" count="13" type="stmt"/>
        <line num="5" count="65" type="cond" truecount="2" falsecount="0"/>
        <line num="6" count="4" type="stmt"/>
        <line num="8" count="61" type="stmt"/>
        <line num="9" count="476" type="cond" truecount="4" falsecount="0"/>
        <line num="10" count="2" type="stmt"/>
        <line num="11" count="2" type="stmt"/>
        <line num="16" count="13" type="stmt"/>
        <line num="17" count="65" type="stmt"/>
        <line num="19" count="65" type="cond" truecount="2" falsecount="0"/>
        <line num="20" count="10" type="cond" truecount="4" falsecount="0"/>
        <line num="21" count="5" type="stmt"/>
        <line num="24" count="65" type="stmt"/>
        <line num="27" count="13" type="stmt"/>
        <line num="28" count="19" type="stmt"/>
        <line num="29" count="19" type="cond" truecount="2" falsecount="0"/>
        <line num="30" count="1" type="stmt"/>
        <line num="33" count="18" type="stmt"/>
        <line num="34" count="40" type="stmt"/>
        <line num="35" count="40" type="stmt"/>
        <line num="36" count="40" type="cond" truecount="2" falsecount="0"/>
        <line num="37" count="18" type="stmt"/>
        <line num="39" count="22" type="stmt"/>
        <line num="40" count="22" type="stmt"/>
        <line num="43" count="18" type="stmt"/>
        <line num="46" count="13" type="stmt"/>
        <line num="47" count="65" type="cond" truecount="2" falsecount="0"/>
        <line num="48" count="3" type="stmt"/>
        <line num="50" count="62" type="stmt"/>
        <line num="52" count="62" type="stmt"/>
        <line num="54" count="62" type="stmt"/>
        <line num="55" count="496" type="stmt"/>
        <line num="58" count="62" type="stmt"/>
      </file>
      <file name="url.ts" path="/Users/bytedance/Desktop/110.基于TypeScript从零重构axios/ts-axios/src/helpers/url.ts">
        <metrics statements="44" coveredstatements="44" conditionals="26" coveredconditionals="26" methods="8" coveredmethods="8"/>
        <line num="1" count="13" type="stmt"/>
        <line num="9" count="24" type="stmt"/>
        <line num="19" count="13" type="stmt"/>
        <line num="24" count="74" type="cond" truecount="2" falsecount="0"/>
        <line num="25" count="62" type="stmt"/>
        <line num="30" count="12" type="cond" truecount="2" falsecount="0"/>
        <line num="31" count="1" type="stmt"/>
        <line num="32" count="11" type="cond" truecount="2" falsecount="0"/>
        <line num="33" count="1" type="stmt"/>
        <line num="35" count="10" type="stmt"/>
        <line num="37" count="10" type="stmt"/>
        <line num="38" count="13" type="stmt"/>
        <line num="39" count="13" type="cond" truecount="4" falsecount="0"/>
        <line num="40" count="2" type="stmt"/>
        <line num="42" count="11" type="stmt"/>
        <line num="43" count="11" type="cond" truecount="2" falsecount="0"/>
        <line num="44" count="1" type="stmt"/>
        <line num="45" count="1" type="stmt"/>
        <line num="47" count="10" type="stmt"/>
        <line num="49" count="11" type="stmt"/>
        <line num="50" count="12" type="cond" truecount="2" falsecount="0"/>
        <line num="51" count="1" type="stmt"/>
        <line num="52" count="11" type="cond" truecount="2" falsecount="0"/>
        <line num="53" count="1" type="stmt"/>
        <line num="55" count="12" type="stmt"/>
        <line num="59" count="10" type="stmt"/>
        <line num="62" count="12" type="cond" truecount="2" falsecount="0"/>
        <line num="63" count="11" type="stmt"/>
        <line num="64" count="11" type="cond" truecount="2" falsecount="0"/>
        <line num="65" count="1" type="stmt"/>
        <line num="68" count="11" type="cond" truecount="2" falsecount="0"/>
        <line num="71" count="12" type="stmt"/>
        <line num="74" count="13" type="stmt"/>
        <line num="75" count="12" type="stmt"/>
        <line num="78" count="13" type="stmt"/>
        <line num="79" count="9" type="cond" truecount="2" falsecount="0"/>
        <line num="82" count="13" type="stmt"/>
        <line num="83" count="61" type="stmt"/>
        <line num="84" count="61" type="stmt"/>
        <line num="89" count="13" type="stmt"/>
        <line num="90" count="13" type="stmt"/>
        <line num="93" count="74" type="stmt"/>
        <line num="94" count="148" type="stmt"/>
        <line num="96" count="74" type="stmt"/>
      </file>
      <file name="util.ts" path="/Users/bytedance/Desktop/110.基于TypeScript从零重构axios/ts-axios/src/helpers/util.ts">
        <metrics statements="25" coveredstatements="25" conditionals="10" coveredconditionals="10" methods="8" coveredmethods="8"/>
        <line num="1" count="16" type="stmt"/>
        <line num="3" count="16" type="stmt"/>
        <line num="4" count="14" type="stmt"/>
        <line num="11" count="16" type="stmt"/>
        <line num="12" count="3549" type="stmt"/>
        <line num="15" count="16" type="stmt"/>
        <line num="16" count="63" type="cond" truecount="2" falsecount="0"/>
        <line num="19" count="16" type="stmt"/>
        <line num="20" count="13" type="cond" truecount="2" falsecount="0"/>
        <line num="23" count="16" type="stmt"/>
        <line num="24" count="38" type="stmt"/>
        <line num="25" count="470" type="stmt"/>
        <line num="27" count="38" type="stmt"/>
        <line num="30" count="4347" type="stmt"/>
        <line num="31" count="1398" type="stmt"/>
        <line num="33" count="1398" type="stmt"/>
        <line num="34" count="1551" type="cond" truecount="2" falsecount="0"/>
        <line num="35" count="1536" type="stmt"/>
        <line num="36" count="1993" type="stmt"/>
        <line num="37" count="1993" type="cond" truecount="2" falsecount="0"/>
        <line num="38" count="1227" type="cond" truecount="2" falsecount="0"/>
        <line num="39" count="4" type="stmt"/>
        <line num="41" count="1223" type="stmt"/>
        <line num="44" count="766" type="stmt"/>
        <line num="50" count="1398" type="stmt"/>
      </file>
    </package>
  </project>
</coverage>
