{"/Users/bytedance/Desktop/110.基于TypeScript从零重构axios/ts-axios/src/axios.ts": {"path":"/Users/bytedance/Desktop/110.基于TypeScript从零重构axios/ts-axios/src/axios.ts","statementMap":{"0":{"start":{"line":2,"column":0},"end":{"line":2,"column":32}},"1":{"start":{"line":3,"column":0},"end":{"line":3,"column":39}},"2":{"start":{"line":4,"column":0},"end":{"line":4,"column":33}},"3":{"start":{"line":5,"column":0},"end":{"line":5,"column":44}},"4":{"start":{"line":6,"column":0},"end":{"line":6,"column":46}},"5":{"start":{"line":7,"column":0},"end":{"line":7,"column":50}},"6":{"start":{"line":10,"column":18},"end":{"line":10,"column":35}},"7":{"start":{"line":11,"column":19},"end":{"line":11,"column":56}},"8":{"start":{"line":13,"column":2},"end":{"line":13,"column":null}},"9":{"start":{"line":15,"column":2},"end":{"line":15,"column":null}},"10":{"start":{"line":18,"column":14},"end":{"line":18,"column":38}},"11":{"start":{"line":20,"column":0},"end":{"line":22,"column":null}},"12":{"start":{"line":21,"column":2},"end":{"line":21,"column":null}},"13":{"start":{"line":24,"column":0},"end":{"line":24,"column":null}},"14":{"start":{"line":25,"column":0},"end":{"line":25,"column":null}},"15":{"start":{"line":26,"column":0},"end":{"line":26,"column":null}},"16":{"start":{"line":28,"column":0},"end":{"line":30,"column":null}},"17":{"start":{"line":29,"column":2},"end":{"line":29,"column":null}},"18":{"start":{"line":32,"column":0},"end":{"line":36,"column":null}},"19":{"start":{"line":33,"column":2},"end":{"line":35,"column":null}},"20":{"start":{"line":34,"column":4},"end":{"line":34,"column":null}},"21":{"start":{"line":38,"column":0},"end":{"line":38,"column":null}},"22":{"start":{"line":40,"column":0},"end":{"line":40,"column":null}}},"fnMap":{"0":{"name":"createInstance","decl":{"start":{"line":9,"column":9},"end":{"line":9,"column":23}},"loc":{"start":{"line":9,"column":50},"end":{"line":16,"column":1}}},"1":{"name":"create","decl":{"start":{"line":20,"column":24},"end":{"line":20,"column":30}},"loc":{"start":{"line":20,"column":37},"end":{"line":22,"column":1}}},"2":{"name":"all","decl":{"start":{"line":28,"column":21},"end":{"line":28,"column":24}},"loc":{"start":{"line":28,"column":33},"end":{"line":30,"column":1}}},"3":{"name":"spread","decl":{"start":{"line":32,"column":24},"end":{"line":32,"column":30}},"loc":{"start":{"line":32,"column":39},"end":{"line":36,"column":1}}},"4":{"name":"wrap","decl":{"start":{"line":33,"column":18},"end":{"line":33,"column":22}},"loc":{"start":{"line":33,"column":26},"end":{"line":35,"column":3}}}},"branchMap":{},"s":{"0":12,"1":12,"2":12,"3":12,"4":12,"5":12,"6":36,"7":36,"8":36,"9":36,"10":12,"11":12,"12":24,"13":12,"14":12,"15":12,"16":12,"17":2,"18":12,"19":1,"20":1,"21":12,"22":12},"f":{"0":36,"1":24,"2":2,"3":1,"4":1},"b":{}}
,"/Users/bytedance/Desktop/110.基于TypeScript从零重构axios/ts-axios/src/defaults.ts": {"path":"/Users/bytedance/Desktop/110.基于TypeScript从零重构axios/ts-axios/src/defaults.ts","statementMap":{"0":{"start":{"line":2,"column":0},"end":{"line":2,"column":50}},"1":{"start":{"line":3,"column":0},"end":{"line":3,"column":68}},"2":{"start":{"line":5,"column":37},"end":{"line":36,"column":null}},"3":{"start":{"line":22,"column":6},"end":{"line":22,"column":null}},"4":{"start":{"line":23,"column":6},"end":{"line":23,"column":null}},"5":{"start":{"line":29,"column":6},"end":{"line":29,"column":null}},"6":{"start":{"line":34,"column":4},"end":{"line":34,"column":null}},"7":{"start":{"line":38,"column":22},"end":{"line":38,"column":58}},"8":{"start":{"line":40,"column":0},"end":{"line":42,"column":null}},"9":{"start":{"line":41,"column":2},"end":{"line":41,"column":null}},"10":{"start":{"line":44,"column":24},"end":{"line":44,"column":48}},"11":{"start":{"line":46,"column":0},"end":{"line":50,"column":null}},"12":{"start":{"line":47,"column":2},"end":{"line":49,"column":null}},"13":{"start":{"line":52,"column":0},"end":{"line":52,"column":null}}},"fnMap":{"0":{"name":"(anonymous_0)","decl":{"start":{"line":21,"column":4},"end":{"line":21,"column":13}},"loc":{"start":{"line":21,"column":36},"end":{"line":24,"column":5}}},"1":{"name":"(anonymous_1)","decl":{"start":{"line":28,"column":4},"end":{"line":28,"column":13}},"loc":{"start":{"line":28,"column":22},"end":{"line":30,"column":5}}},"2":{"name":"(anonymous_2)","decl":{"start":{"line":33,"column":2},"end":{"line":33,"column":16}},"loc":{"start":{"line":33,"column":31},"end":{"line":35,"column":3}}},"3":{"name":"(anonymous_3)","decl":{"start":{"line":40,"column":22},"end":{"line":40,"column":28}},"loc":{"start":{"line":40,"column":28},"end":{"line":42,"column":1}}},"4":{"name":"(anonymous_4)","decl":{"start":{"line":46,"column":24},"end":{"line":46,"column":30}},"loc":{"start":{"line":46,"column":30},"end":{"line":50,"column":1}}}},"branchMap":{"0":{"loc":{"start":{"line":34,"column":11},"end":{"line":34,"column":24}},"type":"binary-expr","locations":[{"start":{"line":34,"column":11},"end":{"line":34,"column":24}},{"start":{"line":34,"column":28},"end":{"line":34,"column":40}}]}},"s":{"0":12,"1":12,"2":12,"3":60,"4":60,"5":18,"6":15,"7":12,"8":12,"9":48,"10":12,"11":12,"12":36,"13":12},"f":{"0":60,"1":18,"2":15,"3":48,"4":36},"b":{"0":[15,15]}}
,"/Users/bytedance/Desktop/110.基于TypeScript从零重构axios/ts-axios/src/index.ts": {"path":"/Users/bytedance/Desktop/110.基于TypeScript从零重构axios/ts-axios/src/index.ts","statementMap":{"0":{"start":{"line":1,"column":0},"end":{"line":1,"column":27}},"1":{"start":{"line":3,"column":0},"end":{"line":3,"column":23}},"2":{"start":{"line":5,"column":0},"end":{"line":5,"column":null}}},"fnMap":{},"branchMap":{},"s":{"0":12,"1":12,"2":12},"f":{},"b":{}}
,"/Users/bytedance/Desktop/110.基于TypeScript从零重构axios/ts-axios/src/cancel/Cancel.ts": {"path":"/Users/bytedance/Desktop/110.基于TypeScript从零重构axios/ts-axios/src/cancel/Cancel.ts","statementMap":{"0":{"start":{"line":1,"column":0},"end":{"line":1,"column":null}},"1":{"start":{"line":5,"column":4},"end":{"line":5,"column":null}},"2":{"start":{"line":7,"column":0},"end":{"line":7,"column":null}},"3":{"start":{"line":10,"column":2},"end":{"line":10,"column":null}},"4":{"start":{"line":9,"column":0},"end":{"line":9,"column":16}}},"fnMap":{"0":{"name":"(anonymous_0)","decl":{"start":{"line":1,"column":0},"end":{"line":1,"column":null}},"loc":{"start":{"line":1,"column":0},"end":{"line":7,"column":null}}},"1":{"name":"Cancel","decl":{"start":{"line":4,"column":2},"end":{"line":4,"column":14}},"loc":{"start":{"line":4,"column":30},"end":{"line":6,"column":3}}},"2":{"name":"isCancel","decl":{"start":{"line":9,"column":16},"end":{"line":9,"column":24}},"loc":{"start":{"line":9,"column":35},"end":{"line":11,"column":1}}}},"branchMap":{},"s":{"0":14,"1":11,"2":14,"3":2,"4":14},"f":{"0":14,"1":11,"2":2},"b":{}}
,"/Users/bytedance/Desktop/110.基于TypeScript从零重构axios/ts-axios/src/cancel/CancelToken.ts": {"path":"/Users/bytedance/Desktop/110.基于TypeScript从零重构axios/ts-axios/src/cancel/CancelToken.ts","statementMap":{"0":{"start":{"line":3,"column":0},"end":{"line":3,"column":29}},"1":{"start":{"line":9,"column":0},"end":{"line":9,"column":null}},"2":{"start":{"line":13,"column":2},"end":{"line":13,"column":14}},"3":{"start":{"line":15,"column":4},"end":{"line":17,"column":null}},"4":{"start":{"line":16,"column":6},"end":{"line":16,"column":null}},"5":{"start":{"line":19,"column":4},"end":{"line":25,"column":null}},"6":{"start":{"line":20,"column":6},"end":{"line":22,"column":null}},"7":{"start":{"line":21,"column":8},"end":{"line":21,"column":14}},"8":{"start":{"line":23,"column":6},"end":{"line":23,"column":null}},"9":{"start":{"line":24,"column":6},"end":{"line":24,"column":null}},"10":{"start":{"line":28,"column":2},"end":{"line":32,"column":null}},"11":{"start":{"line":29,"column":4},"end":{"line":31,"column":null}},"12":{"start":{"line":30,"column":6},"end":{"line":30,"column":null}},"13":{"start":{"line":34,"column":9},"end":{"line":43,"column":null}},"14":{"start":{"line":36,"column":18},"end":{"line":38,"column":6}},"15":{"start":{"line":37,"column":6},"end":{"line":37,"column":null}},"16":{"start":{"line":39,"column":4},"end":{"line":42,"column":null}},"17":{"start":{"line":44,"column":0},"end":{"line":44,"column":null}}},"fnMap":{"0":{"name":"(anonymous_0)","decl":{"start":{"line":9,"column":0},"end":{"line":9,"column":null}},"loc":{"start":{"line":9,"column":0},"end":{"line":44,"column":null}}},"1":{"name":"CancelToken","decl":{"start":{"line":13,"column":2},"end":{"line":13,"column":14}},"loc":{"start":{"line":13,"column":38},"end":{"line":26,"column":3}}},"2":{"name":"(anonymous_2)","decl":{"start":{"line":15,"column":39},"end":{"line":15,"column":46}},"loc":{"start":{"line":15,"column":46},"end":{"line":17,"column":5}}},"3":{"name":"(anonymous_3)","decl":{"start":{"line":19,"column":13},"end":{"line":19,"column":20}},"loc":{"start":{"line":19,"column":20},"end":{"line":25,"column":5}}},"4":{"name":"(anonymous_4)","decl":{"start":{"line":28,"column":2},"end":{"line":28,"column":18}},"loc":{"start":{"line":28,"column":2},"end":{"line":32,"column":3}}},"5":{"name":"(anonymous_5)","decl":{"start":{"line":34,"column":2},"end":{"line":34,"column":9}},"loc":{"start":{"line":34,"column":2},"end":{"line":43,"column":3}}},"6":{"name":"(anonymous_6)","decl":{"start":{"line":36,"column":34},"end":{"line":36,"column":35}},"loc":{"start":{"line":36,"column":35},"end":{"line":38,"column":5}}}},"branchMap":{"0":{"loc":{"start":{"line":20,"column":6},"end":{"line":22,"column":null}},"type":"if","locations":[{"start":{"line":20,"column":6},"end":{"line":22,"column":null}},{"start":{"line":20,"column":6},"end":{"line":22,"column":null}}]},"1":{"loc":{"start":{"line":29,"column":4},"end":{"line":31,"column":null}},"type":"if","locations":[{"start":{"line":29,"column":4},"end":{"line":31,"column":null}},{"start":{"line":29,"column":4},"end":{"line":31,"column":null}}]}},"s":{"0":13,"1":13,"2":11,"3":11,"4":11,"5":11,"6":10,"7":1,"8":9,"9":9,"10":13,"11":6,"12":2,"13":13,"14":5,"15":5,"16":5,"17":13},"f":{"0":13,"1":11,"2":11,"3":10,"4":6,"5":5,"6":5},"b":{"0":[1,9],"1":[2,4]}}
,"/Users/bytedance/Desktop/110.基于TypeScript从零重构axios/ts-axios/src/core/Axios.ts": {"path":"/Users/bytedance/Desktop/110.基于TypeScript从零重构axios/ts-axios/src/core/Axios.ts","statementMap":{"0":{"start":{"line":9,"column":0},"end":{"line":9,"column":65}},"1":{"start":{"line":10,"column":0},"end":{"line":10,"column":53}},"2":{"start":{"line":11,"column":0},"end":{"line":11,"column":39}},"3":{"start":{"line":23,"column":0},"end":{"line":23,"column":null}},"4":{"start":{"line":28,"column":4},"end":{"line":28,"column":null}},"5":{"start":{"line":29,"column":4},"end":{"line":32,"column":null}},"6":{"start":{"line":35,"column":2},"end":{"line":71,"column":null}},"7":{"start":{"line":36,"column":4},"end":{"line":43,"column":null}},"8":{"start":{"line":37,"column":6},"end":{"line":39,"column":null}},"9":{"start":{"line":38,"column":8},"end":{"line":38,"column":null}},"10":{"start":{"line":40,"column":6},"end":{"line":40,"column":null}},"11":{"start":{"line":42,"column":6},"end":{"line":42,"column":null}},"12":{"start":{"line":45,"column":4},"end":{"line":45,"column":null}},"13":{"start":{"line":46,"column":4},"end":{"line":46,"column":null}},"14":{"start":{"line":48,"column":39},"end":{"line":53,"column":null}},"15":{"start":{"line":55,"column":4},"end":{"line":57,"column":null}},"16":{"start":{"line":56,"column":6},"end":{"line":56,"column":null}},"17":{"start":{"line":59,"column":4},"end":{"line":61,"column":null}},"18":{"start":{"line":60,"column":6},"end":{"line":60,"column":null}},"19":{"start":{"line":63,"column":18},"end":{"line":63,"column":41}},"20":{"start":{"line":65,"column":4},"end":{"line":68,"column":null}},"21":{"start":{"line":66,"column":37},"end":{"line":66,"column":51}},"22":{"start":{"line":66,"column":22},"end":{"line":66,"column":24}},"23":{"start":{"line":66,"column":32},"end":{"line":66,"column":37}},"24":{"start":{"line":67,"column":6},"end":{"line":67,"column":null}},"25":{"start":{"line":70,"column":4},"end":{"line":70,"column":null}},"26":{"start":{"line":73,"column":2},"end":{"line":75,"column":null}},"27":{"start":{"line":74,"column":4},"end":{"line":74,"column":null}},"28":{"start":{"line":77,"column":2},"end":{"line":79,"column":null}},"29":{"start":{"line":78,"column":4},"end":{"line":78,"column":null}},"30":{"start":{"line":81,"column":2},"end":{"line":83,"column":null}},"31":{"start":{"line":82,"column":4},"end":{"line":82,"column":null}},"32":{"start":{"line":85,"column":2},"end":{"line":87,"column":null}},"33":{"start":{"line":86,"column":4},"end":{"line":86,"column":null}},"34":{"start":{"line":89,"column":2},"end":{"line":91,"column":null}},"35":{"start":{"line":90,"column":4},"end":{"line":90,"column":null}},"36":{"start":{"line":93,"column":2},"end":{"line":95,"column":null}},"37":{"start":{"line":94,"column":4},"end":{"line":94,"column":null}},"38":{"start":{"line":97,"column":2},"end":{"line":99,"column":null}},"39":{"start":{"line":98,"column":4},"end":{"line":98,"column":null}},"40":{"start":{"line":101,"column":2},"end":{"line":104,"column":null}},"41":{"start":{"line":102,"column":4},"end":{"line":102,"column":null}},"42":{"start":{"line":103,"column":4},"end":{"line":103,"column":null}},"43":{"start":{"line":106,"column":2},"end":{"line":117,"column":null}},"44":{"start":{"line":111,"column":4},"end":{"line":116,"column":null}},"45":{"start":{"line":119,"column":2},"end":{"line":132,"column":null}},"46":{"start":{"line":125,"column":4},"end":{"line":131,"column":null}},"47":{"start":{"line":133,"column":0},"end":{"line":133,"column":null}}},"fnMap":{"0":{"name":"(anonymous_0)","decl":{"start":{"line":23,"column":0},"end":{"line":23,"column":null}},"loc":{"start":{"line":23,"column":0},"end":{"line":133,"column":null}}},"1":{"name":"Axios","decl":{"start":{"line":27,"column":2},"end":{"line":27,"column":14}},"loc":{"start":{"line":27,"column":44},"end":{"line":33,"column":3}}},"2":{"name":"(anonymous_2)","decl":{"start":{"line":35,"column":2},"end":{"line":35,"column":9}},"loc":{"start":{"line":35,"column":32},"end":{"line":71,"column":3}}},"3":{"name":"(anonymous_3)","decl":{"start":{"line":55,"column":38},"end":{"line":55,"column":49}},"loc":{"start":{"line":55,"column":49},"end":{"line":57,"column":5}}},"4":{"name":"(anonymous_4)","decl":{"start":{"line":59,"column":39},"end":{"line":59,"column":50}},"loc":{"start":{"line":59,"column":50},"end":{"line":61,"column":5}}},"5":{"name":"(anonymous_5)","decl":{"start":{"line":73,"column":2},"end":{"line":73,"column":5}},"loc":{"start":{"line":73,"column":46},"end":{"line":75,"column":3}}},"6":{"name":"(anonymous_6)","decl":{"start":{"line":77,"column":2},"end":{"line":77,"column":8}},"loc":{"start":{"line":77,"column":49},"end":{"line":79,"column":3}}},"7":{"name":"(anonymous_7)","decl":{"start":{"line":81,"column":2},"end":{"line":81,"column":6}},"loc":{"start":{"line":81,"column":47},"end":{"line":83,"column":3}}},"8":{"name":"(anonymous_8)","decl":{"start":{"line":85,"column":2},"end":{"line":85,"column":9}},"loc":{"start":{"line":85,"column":50},"end":{"line":87,"column":3}}},"9":{"name":"(anonymous_9)","decl":{"start":{"line":89,"column":2},"end":{"line":89,"column":6}},"loc":{"start":{"line":89,"column":59},"end":{"line":91,"column":3}}},"10":{"name":"(anonymous_10)","decl":{"start":{"line":93,"column":2},"end":{"line":93,"column":5}},"loc":{"start":{"line":93,"column":58},"end":{"line":95,"column":3}}},"11":{"name":"(anonymous_11)","decl":{"start":{"line":97,"column":2},"end":{"line":97,"column":7}},"loc":{"start":{"line":97,"column":60},"end":{"line":99,"column":3}}},"12":{"name":"(anonymous_12)","decl":{"start":{"line":101,"column":2},"end":{"line":101,"column":8}},"loc":{"start":{"line":101,"column":36},"end":{"line":104,"column":3}}},"13":{"name":"(anonymous_13)","decl":{"start":{"line":106,"column":2},"end":{"line":106,"column":27}},"loc":{"start":{"line":109,"column":31},"end":{"line":117,"column":3}}},"14":{"name":"(anonymous_14)","decl":{"start":{"line":119,"column":2},"end":{"line":119,"column":24}},"loc":{"start":{"line":123,"column":31},"end":{"line":132,"column":3}}}},"branchMap":{"0":{"loc":{"start":{"line":36,"column":4},"end":{"line":43,"column":null}},"type":"if","locations":[{"start":{"line":36,"column":4},"end":{"line":43,"column":null}},{"start":{"line":36,"column":4},"end":{"line":43,"column":null}}]},"1":{"loc":{"start":{"line":37,"column":6},"end":{"line":39,"column":null}},"type":"if","locations":[{"start":{"line":37,"column":6},"end":{"line":39,"column":null}},{"start":{"line":37,"column":6},"end":{"line":39,"column":null}}]},"2":{"loc":{"start":{"line":112,"column":20},"end":{"line":112,"column":26}},"type":"binary-expr","locations":[{"start":{"line":112,"column":20},"end":{"line":112,"column":26}},{"start":{"line":112,"column":30},"end":{"line":112,"column":32}}]},"3":{"loc":{"start":{"line":126,"column":20},"end":{"line":126,"column":26}},"type":"binary-expr","locations":[{"start":{"line":126,"column":20},"end":{"line":126,"column":26}},{"start":{"line":126,"column":30},"end":{"line":126,"column":32}}]}},"s":{"0":12,"1":12,"2":12,"3":12,"4":36,"5":36,"6":12,"7":62,"8":32,"9":19,"10":32,"11":30,"12":62,"13":62,"14":62,"15":62,"16":7,"17":62,"18":8,"19":62,"20":62,"21":77,"22":77,"23":77,"24":77,"25":62,"26":12,"27":12,"28":12,"29":1,"30":12,"31":1,"32":12,"33":1,"34":12,"35":12,"36":12,"37":1,"38":12,"39":1,"40":12,"41":1,"42":1,"43":12,"44":15,"45":12,"46":14,"47":12},"f":{"0":12,"1":36,"2":62,"3":7,"4":8,"5":12,"6":1,"7":1,"8":1,"9":12,"10":1,"11":1,"12":1,"13":15,"14":14},"b":{"0":[32,30],"1":[19,13],"2":[15,10],"3":[14,11]}}
,"/Users/bytedance/Desktop/110.基于TypeScript从零重构axios/ts-axios/src/core/InterceptorManager.ts": {"path":"/Users/bytedance/Desktop/110.基于TypeScript从零重构axios/ts-axios/src/core/InterceptorManager.ts","statementMap":{"0":{"start":{"line":8,"column":0},"end":{"line":8,"column":null}},"1":{"start":{"line":12,"column":4},"end":{"line":12,"column":null}},"2":{"start":{"line":15,"column":2},"end":{"line":21,"column":null}},"3":{"start":{"line":16,"column":4},"end":{"line":19,"column":null}},"4":{"start":{"line":20,"column":4},"end":{"line":20,"column":null}},"5":{"start":{"line":23,"column":2},"end":{"line":29,"column":null}},"6":{"start":{"line":24,"column":4},"end":{"line":28,"column":null}},"7":{"start":{"line":25,"column":6},"end":{"line":27,"column":null}},"8":{"start":{"line":26,"column":8},"end":{"line":26,"column":null}},"9":{"start":{"line":31,"column":2},"end":{"line":35,"column":null}},"10":{"start":{"line":32,"column":4},"end":{"line":34,"column":null}},"11":{"start":{"line":33,"column":6},"end":{"line":33,"column":null}},"12":{"start":{"line":36,"column":0},"end":{"line":36,"column":null}}},"fnMap":{"0":{"name":"(anonymous_0)","decl":{"start":{"line":8,"column":0},"end":{"line":8,"column":null}},"loc":{"start":{"line":8,"column":0},"end":{"line":36,"column":null}}},"1":{"name":"InterceptorManager","decl":{"start":{"line":11,"column":2},"end":{"line":11,"column":null}},"loc":{"start":{"line":11,"column":2},"end":{"line":13,"column":3}}},"2":{"name":"(anonymous_2)","decl":{"start":{"line":15,"column":2},"end":{"line":15,"column":5}},"loc":{"start":{"line":15,"column":52},"end":{"line":21,"column":3}}},"3":{"name":"(anonymous_3)","decl":{"start":{"line":23,"column":2},"end":{"line":23,"column":9}},"loc":{"start":{"line":23,"column":51},"end":{"line":29,"column":3}}},"4":{"name":"(anonymous_4)","decl":{"start":{"line":24,"column":30},"end":{"line":24,"column":41}},"loc":{"start":{"line":24,"column":41},"end":{"line":28,"column":5}}},"5":{"name":"(anonymous_5)","decl":{"start":{"line":31,"column":2},"end":{"line":31,"column":7}},"loc":{"start":{"line":31,"column":18},"end":{"line":35,"column":3}}}},"branchMap":{"0":{"loc":{"start":{"line":25,"column":6},"end":{"line":27,"column":null}},"type":"if","locations":[{"start":{"line":25,"column":6},"end":{"line":27,"column":null}},{"start":{"line":25,"column":6},"end":{"line":27,"column":null}}]},"1":{"loc":{"start":{"line":32,"column":4},"end":{"line":34,"column":null}},"type":"if","locations":[{"start":{"line":32,"column":4},"end":{"line":34,"column":null}},{"start":{"line":32,"column":4},"end":{"line":34,"column":null}}]}},"s":{"0":12,"1":72,"2":12,"3":17,"4":17,"5":12,"6":124,"7":16,"8":15,"9":12,"10":2,"11":1,"12":12},"f":{"0":12,"1":72,"2":17,"3":124,"4":16,"5":2},"b":{"0":[15,1],"1":[1,1]}}
,"/Users/bytedance/Desktop/110.基于TypeScript从零重构axios/ts-axios/src/core/dispatchRequest.ts": {"path":"/Users/bytedance/Desktop/110.基于TypeScript从零重构axios/ts-axios/src/core/dispatchRequest.ts","statementMap":{"0":{"start":{"line":2,"column":0},"end":{"line":2,"column":23}},"1":{"start":{"line":3,"column":0},"end":{"line":3,"column":68}},"2":{"start":{"line":4,"column":0},"end":{"line":4,"column":51}},"3":{"start":{"line":5,"column":0},"end":{"line":5,"column":35}},"4":{"start":{"line":8,"column":2},"end":{"line":8,"column":null}},"5":{"start":{"line":9,"column":2},"end":{"line":9,"column":null}},"6":{"start":{"line":10,"column":2},"end":{"line":20,"column":null}},"7":{"start":{"line":12,"column":6},"end":{"line":12,"column":null}},"8":{"start":{"line":15,"column":6},"end":{"line":17,"column":null}},"9":{"start":{"line":16,"column":8},"end":{"line":16,"column":null}},"10":{"start":{"line":18,"column":6},"end":{"line":18,"column":null}},"11":{"start":{"line":7,"column":0},"end":{"line":7,"column":24}},"12":{"start":{"line":24,"column":2},"end":{"line":24,"column":null}},"13":{"start":{"line":25,"column":2},"end":{"line":25,"column":null}},"14":{"start":{"line":26,"column":2},"end":{"line":26,"column":null}},"15":{"start":{"line":30,"column":51},"end":{"line":30,"column":null}},"16":{"start":{"line":31,"column":2},"end":{"line":33,"column":null}},"17":{"start":{"line":32,"column":4},"end":{"line":32,"column":null}},"18":{"start":{"line":34,"column":2},"end":{"line":34,"column":null}},"19":{"start":{"line":29,"column":0},"end":{"line":29,"column":16}},"20":{"start":{"line":38,"column":2},"end":{"line":38,"column":null}},"21":{"start":{"line":39,"column":2},"end":{"line":39,"column":null}},"22":{"start":{"line":43,"column":2},"end":{"line":45,"column":null}},"23":{"start":{"line":44,"column":4},"end":{"line":44,"column":null}}},"fnMap":{"0":{"name":"dispatchRequest","decl":{"start":{"line":7,"column":24},"end":{"line":7,"column":39}},"loc":{"start":{"line":7,"column":66},"end":{"line":21,"column":1}}},"1":{"name":"(anonymous_1)","decl":{"start":{"line":11,"column":4},"end":{"line":11,"column":7}},"loc":{"start":{"line":11,"column":7},"end":{"line":13,"column":5}}},"2":{"name":"(anonymous_2)","decl":{"start":{"line":14,"column":4},"end":{"line":14,"column":5}},"loc":{"start":{"line":14,"column":5},"end":{"line":19,"column":5}}},"3":{"name":"processConfig","decl":{"start":{"line":23,"column":9},"end":{"line":23,"column":22}},"loc":{"start":{"line":23,"column":49},"end":{"line":27,"column":1}}},"4":{"name":"transformURL","decl":{"start":{"line":29,"column":16},"end":{"line":29,"column":28}},"loc":{"start":{"line":29,"column":55},"end":{"line":35,"column":1}}},"5":{"name":"transformResponseData","decl":{"start":{"line":37,"column":9},"end":{"line":37,"column":30}},"loc":{"start":{"line":37,"column":49},"end":{"line":40,"column":1}}},"6":{"name":"throwIfCancellationRequested","decl":{"start":{"line":42,"column":9},"end":{"line":42,"column":37}},"loc":{"start":{"line":42,"column":64},"end":{"line":46,"column":1}}}},"branchMap":{"0":{"loc":{"start":{"line":15,"column":6},"end":{"line":17,"column":null}},"type":"if","locations":[{"start":{"line":15,"column":6},"end":{"line":17,"column":null}},{"start":{"line":15,"column":6},"end":{"line":17,"column":null}}]},"1":{"loc":{"start":{"line":15,"column":10},"end":{"line":15,"column":11}},"type":"binary-expr","locations":[{"start":{"line":15,"column":10},"end":{"line":15,"column":11}},{"start":{"line":15,"column":15},"end":{"line":15,"column":25}}]},"2":{"loc":{"start":{"line":31,"column":2},"end":{"line":33,"column":null}},"type":"if","locations":[{"start":{"line":31,"column":2},"end":{"line":33,"column":null}},{"start":{"line":31,"column":2},"end":{"line":33,"column":null}}]},"3":{"loc":{"start":{"line":31,"column":6},"end":{"line":31,"column":13}},"type":"binary-expr","locations":[{"start":{"line":31,"column":6},"end":{"line":31,"column":13}},{"start":{"line":31,"column":17},"end":{"line":31,"column":37}}]},"4":{"loc":{"start":{"line":43,"column":2},"end":{"line":45,"column":null}},"type":"if","locations":[{"start":{"line":43,"column":2},"end":{"line":45,"column":null}},{"start":{"line":43,"column":2},"end":{"line":45,"column":null}}]}},"s":{"0":12,"1":12,"2":12,"3":12,"4":62,"5":61,"6":61,"7":14,"8":7,"9":2,"10":7,"11":12,"12":61,"13":61,"14":61,"15":248,"16":62,"17":4,"18":62,"19":12,"20":16,"21":16,"22":62,"23":4},"f":{"0":62,"1":14,"2":7,"3":61,"4":62,"5":16,"6":62},"b":{"0":[2,5],"1":[7,7],"2":[4,58],"3":[62,4],"4":[4,58]}}
,"/Users/bytedance/Desktop/110.基于TypeScript从零重构axios/ts-axios/src/core/mergeConfig.ts": {"path":"/Users/bytedance/Desktop/110.基于TypeScript从零重构axios/ts-axios/src/core/mergeConfig.ts","statementMap":{"0":{"start":{"line":2,"column":0},"end":{"line":2,"column":58}},"1":{"start":{"line":4,"column":15},"end":{"line":4,"column":34}},"2":{"start":{"line":7,"column":2},"end":{"line":7,"column":null}},"3":{"start":{"line":11,"column":2},"end":{"line":13,"column":null}},"4":{"start":{"line":12,"column":4},"end":{"line":12,"column":null}},"5":{"start":{"line":17,"column":2},"end":{"line":25,"column":null}},"6":{"start":{"line":18,"column":4},"end":{"line":18,"column":null}},"7":{"start":{"line":19,"column":9},"end":{"line":25,"column":null}},"8":{"start":{"line":20,"column":4},"end":{"line":20,"column":null}},"9":{"start":{"line":21,"column":9},"end":{"line":25,"column":null}},"10":{"start":{"line":22,"column":4},"end":{"line":22,"column":null}},"11":{"start":{"line":24,"column":4},"end":{"line":24,"column":null}},"12":{"start":{"line":28,"column":26},"end":{"line":28,"column":51}},"13":{"start":{"line":30,"column":0},"end":{"line":32,"column":null}},"14":{"start":{"line":31,"column":2},"end":{"line":31,"column":null}},"15":{"start":{"line":34,"column":27},"end":{"line":34,"column":46}},"16":{"start":{"line":36,"column":0},"end":{"line":38,"column":null}},"17":{"start":{"line":37,"column":2},"end":{"line":37,"column":null}},"18":{"start":{"line":44,"column":2},"end":{"line":46,"column":null}},"19":{"start":{"line":45,"column":4},"end":{"line":45,"column":null}},"20":{"start":{"line":48,"column":17},"end":{"line":48,"column":36}},"21":{"start":{"line":50,"column":2},"end":{"line":52,"column":null}},"22":{"start":{"line":51,"column":4},"end":{"line":51,"column":null}},"23":{"start":{"line":54,"column":2},"end":{"line":58,"column":null}},"24":{"start":{"line":55,"column":4},"end":{"line":57,"column":null}},"25":{"start":{"line":56,"column":6},"end":{"line":56,"column":null}},"26":{"start":{"line":61,"column":18},"end":{"line":61,"column":45}},"27":{"start":{"line":62,"column":4},"end":{"line":62,"column":null}},"28":{"start":{"line":65,"column":2},"end":{"line":65,"column":null}},"29":{"start":{"line":40,"column":0},"end":{"line":40,"column":24}}},"fnMap":{"0":{"name":"defaultStrat","decl":{"start":{"line":6,"column":9},"end":{"line":6,"column":21}},"loc":{"start":{"line":6,"column":42},"end":{"line":8,"column":1}}},"1":{"name":"fromVal2Strat","decl":{"start":{"line":10,"column":9},"end":{"line":10,"column":22}},"loc":{"start":{"line":10,"column":43},"end":{"line":14,"column":1}}},"2":{"name":"deepMergeStrat","decl":{"start":{"line":16,"column":9},"end":{"line":16,"column":23}},"loc":{"start":{"line":16,"column":44},"end":{"line":26,"column":1}}},"3":{"name":"(anonymous_3)","decl":{"start":{"line":30,"column":26},"end":{"line":30,"column":29}},"loc":{"start":{"line":30,"column":29},"end":{"line":32,"column":1}}},"4":{"name":"(anonymous_4)","decl":{"start":{"line":36,"column":27},"end":{"line":36,"column":30}},"loc":{"start":{"line":36,"column":30},"end":{"line":38,"column":1}}},"5":{"name":"mergeConfig","decl":{"start":{"line":40,"column":24},"end":{"line":40,"column":35}},"loc":{"start":{"line":42,"column":30},"end":{"line":66,"column":1}}},"6":{"name":"mergeField","decl":{"start":{"line":60,"column":11},"end":{"line":60,"column":21}},"loc":{"start":{"line":60,"column":33},"end":{"line":63,"column":3}}}},"branchMap":{"0":{"loc":{"start":{"line":7,"column":39},"end":{"line":7,"column":43}},"type":"cond-expr","locations":[{"start":{"line":7,"column":39},"end":{"line":7,"column":43}},{"start":{"line":7,"column":46},"end":{"line":7,"column":50}}]},"1":{"loc":{"start":{"line":11,"column":2},"end":{"line":13,"column":null}},"type":"if","locations":[{"start":{"line":11,"column":2},"end":{"line":13,"column":null}},{"start":{"line":11,"column":2},"end":{"line":13,"column":null}}]},"2":{"loc":{"start":{"line":17,"column":2},"end":{"line":25,"column":null}},"type":"if","locations":[{"start":{"line":17,"column":2},"end":{"line":25,"column":null}},{"start":{"line":17,"column":2},"end":{"line":25,"column":null}}]},"3":{"loc":{"start":{"line":19,"column":9},"end":{"line":25,"column":null}},"type":"if","locations":[{"start":{"line":19,"column":9},"end":{"line":25,"column":null}},{"start":{"line":19,"column":9},"end":{"line":25,"column":null}}]},"4":{"loc":{"start":{"line":21,"column":9},"end":{"line":25,"column":null}},"type":"if","locations":[{"start":{"line":21,"column":9},"end":{"line":25,"column":null}},{"start":{"line":21,"column":9},"end":{"line":25,"column":null}}]},"5":{"loc":{"start":{"line":44,"column":2},"end":{"line":46,"column":null}},"type":"if","locations":[{"start":{"line":44,"column":2},"end":{"line":46,"column":null}},{"start":{"line":44,"column":2},"end":{"line":46,"column":null}}]},"6":{"loc":{"start":{"line":55,"column":4},"end":{"line":57,"column":null}},"type":"if","locations":[{"start":{"line":55,"column":4},"end":{"line":57,"column":null}},{"start":{"line":55,"column":4},"end":{"line":57,"column":null}}]},"7":{"loc":{"start":{"line":61,"column":18},"end":{"line":61,"column":29}},"type":"binary-expr","locations":[{"start":{"line":61,"column":18},"end":{"line":61,"column":29}},{"start":{"line":61,"column":33},"end":{"line":61,"column":45}}]}},"s":{"0":12,"1":12,"2":658,"3":84,"4":76,"5":101,"6":11,"7":90,"8":2,"9":88,"10":87,"11":1,"12":12,"13":12,"14":36,"15":12,"16":12,"17":24,"18":97,"19":22,"20":97,"21":97,"22":147,"23":97,"24":746,"25":696,"26":843,"27":843,"28":97,"29":12},"f":{"0":658,"1":84,"2":101,"3":36,"4":24,"5":97,"6":843},"b":{"0":[54,604],"1":[76,8],"2":[11,90],"3":[2,88],"4":[87,1],"5":[22,75],"6":[696,50],"7":[843,658]}}
,"/Users/bytedance/Desktop/110.基于TypeScript从零重构axios/ts-axios/src/core/transform.ts": {"path":"/Users/bytedance/Desktop/110.基于TypeScript从零重构axios/ts-axios/src/core/transform.ts","statementMap":{"0":{"start":{"line":8,"column":2},"end":{"line":10,"column":null}},"1":{"start":{"line":9,"column":4},"end":{"line":9,"column":null}},"2":{"start":{"line":11,"column":2},"end":{"line":13,"column":null}},"3":{"start":{"line":12,"column":4},"end":{"line":12,"column":null}},"4":{"start":{"line":14,"column":2},"end":{"line":16,"column":null}},"5":{"start":{"line":15,"column":4},"end":{"line":15,"column":null}},"6":{"start":{"line":17,"column":2},"end":{"line":17,"column":null}},"7":{"start":{"line":3,"column":0},"end":{"line":3,"column":24}}},"fnMap":{"0":{"name":"transform","decl":{"start":{"line":3,"column":24},"end":{"line":3,"column":33}},"loc":{"start":{"line":6,"column":45},"end":{"line":18,"column":1}}},"1":{"name":"(anonymous_1)","decl":{"start":{"line":14,"column":14},"end":{"line":14,"column":16}},"loc":{"start":{"line":14,"column":16},"end":{"line":16,"column":3}}}},"branchMap":{"0":{"loc":{"start":{"line":8,"column":2},"end":{"line":10,"column":null}},"type":"if","locations":[{"start":{"line":8,"column":2},"end":{"line":10,"column":null}},{"start":{"line":8,"column":2},"end":{"line":10,"column":null}}]},"1":{"loc":{"start":{"line":11,"column":2},"end":{"line":13,"column":null}},"type":"if","locations":[{"start":{"line":11,"column":2},"end":{"line":13,"column":null}},{"start":{"line":11,"column":2},"end":{"line":13,"column":null}}]}},"s":{"0":77,"1":1,"2":76,"3":2,"4":76,"5":77,"6":76,"7":12},"f":{"0":77,"1":77},"b":{"0":[1,76],"1":[2,74]}}
,"/Users/bytedance/Desktop/110.基于TypeScript从零重构axios/ts-axios/src/core/xhr.ts": {"path":"/Users/bytedance/Desktop/110.基于TypeScript从零重构axios/ts-axios/src/core/xhr.ts","statementMap":{"0":{"start":{"line":2,"column":0},"end":{"line":2,"column":49}},"1":{"start":{"line":3,"column":0},"end":{"line":3,"column":46}},"2":{"start":{"line":4,"column":0},"end":{"line":4,"column":48}},"3":{"start":{"line":5,"column":0},"end":{"line":5,"column":38}},"4":{"start":{"line":6,"column":0},"end":{"line":6,"column":44}},"5":{"start":{"line":9,"column":2},"end":{"line":154,"column":null}},"6":{"start":{"line":25,"column":8},"end":{"line":25,"column":null}},"7":{"start":{"line":11,"column":10},"end":{"line":11,"column":null}},"8":{"start":{"line":14,"column":13},"end":{"line":14,"column":null}},"9":{"start":{"line":27,"column":20},"end":{"line":27,"column":40}},"10":{"start":{"line":29,"column":4},"end":{"line":29,"column":null}},"11":{"start":{"line":31,"column":4},"end":{"line":31,"column":null}},"12":{"start":{"line":33,"column":4},"end":{"line":33,"column":null}},"13":{"start":{"line":35,"column":4},"end":{"line":35,"column":null}},"14":{"start":{"line":37,"column":4},"end":{"line":37,"column":null}},"15":{"start":{"line":39,"column":4},"end":{"line":39,"column":null}},"16":{"start":{"line":42,"column":6},"end":{"line":44,"column":null}},"17":{"start":{"line":43,"column":8},"end":{"line":43,"column":null}},"18":{"start":{"line":46,"column":6},"end":{"line":48,"column":null}},"19":{"start":{"line":47,"column":8},"end":{"line":47,"column":null}},"20":{"start":{"line":50,"column":6},"end":{"line":52,"column":null}},"21":{"start":{"line":51,"column":8},"end":{"line":51,"column":null}},"22":{"start":{"line":56,"column":6},"end":{"line":77,"column":null}},"23":{"start":{"line":57,"column":8},"end":{"line":59,"column":null}},"24":{"start":{"line":58,"column":10},"end":{"line":58,"column":16}},"25":{"start":{"line":61,"column":8},"end":{"line":63,"column":null}},"26":{"start":{"line":62,"column":10},"end":{"line":62,"column":16}},"27":{"start":{"line":65,"column":32},"end":{"line":65,"column":77}},"28":{"start":{"line":67,"column":10},"end":{"line":67,"column":91}},"29":{"start":{"line":68,"column":40},"end":{"line":75,"column":null}},"30":{"start":{"line":76,"column":8},"end":{"line":76,"column":null}},"31":{"start":{"line":79,"column":6},"end":{"line":81,"column":null}},"32":{"start":{"line":80,"column":8},"end":{"line":80,"column":null}},"33":{"start":{"line":83,"column":6},"end":{"line":87,"column":null}},"34":{"start":{"line":84,"column":8},"end":{"line":86,"column":null}},"35":{"start":{"line":89,"column":6},"end":{"line":91,"column":null}},"36":{"start":{"line":90,"column":8},"end":{"line":90,"column":null}},"37":{"start":{"line":93,"column":6},"end":{"line":95,"column":null}},"38":{"start":{"line":94,"column":8},"end":{"line":94,"column":null}},"39":{"start":{"line":99,"column":6},"end":{"line":101,"column":null}},"40":{"start":{"line":100,"column":8},"end":{"line":100,"column":null}},"41":{"start":{"line":103,"column":6},"end":{"line":108,"column":null}},"42":{"start":{"line":104,"column":26},"end":{"line":104,"column":53}},"43":{"start":{"line":105,"column":8},"end":{"line":107,"column":null}},"44":{"start":{"line":106,"column":10},"end":{"line":106,"column":null}},"45":{"start":{"line":110,"column":6},"end":{"line":112,"column":null}},"46":{"start":{"line":111,"column":8},"end":{"line":111,"column":null}},"47":{"start":{"line":114,"column":6},"end":{"line":120,"column":null}},"48":{"start":{"line":115,"column":8},"end":{"line":119,"column":null}},"49":{"start":{"line":116,"column":10},"end":{"line":116,"column":null}},"50":{"start":{"line":118,"column":10},"end":{"line":118,"column":null}},"51":{"start":{"line":124,"column":6},"end":{"line":136,"column":null}},"52":{"start":{"line":125,"column":8},"end":{"line":135,"column":null}},"53":{"start":{"line":127,"column":12},"end":{"line":127,"column":null}},"54":{"start":{"line":128,"column":12},"end":{"line":128,"column":null}},"55":{"start":{"line":140,"column":6},"end":{"line":152,"column":null}},"56":{"start":{"line":141,"column":8},"end":{"line":141,"column":null}},"57":{"start":{"line":143,"column":8},"end":{"line":151,"column":null}},"58":{"start":{"line":8,"column":0},"end":{"line":8,"column":24}}},"fnMap":{"0":{"name":"xhr","decl":{"start":{"line":8,"column":24},"end":{"line":8,"column":27}},"loc":{"start":{"line":8,"column":54},"end":{"line":155,"column":1}}},"1":{"name":"(anonymous_1)","decl":{"start":{"line":9,"column":21},"end":{"line":9,"column":22}},"loc":{"start":{"line":9,"column":37},"end":{"line":154,"column":3}}},"2":{"name":"configureRequest","decl":{"start":{"line":41,"column":13},"end":{"line":41,"column":29}},"loc":{"start":{"line":41,"column":29},"end":{"line":53,"column":5}}},"3":{"name":"addEvents","decl":{"start":{"line":55,"column":13},"end":{"line":55,"column":22}},"loc":{"start":{"line":55,"column":22},"end":{"line":96,"column":5}}},"4":{"name":"handleLoad","decl":{"start":{"line":56,"column":44},"end":{"line":56,"column":54}},"loc":{"start":{"line":56,"column":54},"end":{"line":77,"column":7}}},"5":{"name":"handleError","decl":{"start":{"line":79,"column":33},"end":{"line":79,"column":44}},"loc":{"start":{"line":79,"column":44},"end":{"line":81,"column":7}}},"6":{"name":"handleTimeout","decl":{"start":{"line":83,"column":35},"end":{"line":83,"column":48}},"loc":{"start":{"line":83,"column":48},"end":{"line":87,"column":7}}},"7":{"name":"processHeaders","decl":{"start":{"line":98,"column":13},"end":{"line":98,"column":27}},"loc":{"start":{"line":98,"column":27},"end":{"line":121,"column":5}}},"8":{"name":"(anonymous_8)","decl":{"start":{"line":114,"column":35},"end":{"line":114,"column":39}},"loc":{"start":{"line":114,"column":39},"end":{"line":120,"column":7}}},"9":{"name":"processCancel","decl":{"start":{"line":123,"column":13},"end":{"line":123,"column":26}},"loc":{"start":{"line":123,"column":26},"end":{"line":137,"column":5}}},"10":{"name":"(anonymous_10)","decl":{"start":{"line":126,"column":16},"end":{"line":126,"column":22}},"loc":{"start":{"line":126,"column":22},"end":{"line":129,"column":11}}},"11":{"name":"handleResponse","decl":{"start":{"line":139,"column":13},"end":{"line":139,"column":27}},"loc":{"start":{"line":139,"column":51},"end":{"line":153,"column":5}}}},"branchMap":{"0":{"loc":{"start":{"line":11,"column":13},"end":{"line":11,"column":17}},"type":"cond-expr","locations":[{"start":{"line":11,"column":13},"end":{"line":11,"column":17}},{"start":{"line":11,"column":17},"end":{"line":11,"column":null}}]},"1":{"loc":{"start":{"line":14,"column":16},"end":{"line":14,"column":18}},"type":"cond-expr","locations":[{"start":{"line":14,"column":16},"end":{"line":14,"column":18}},{"start":{"line":14,"column":18},"end":{"line":14,"column":null}}]},"2":{"loc":{"start":{"line":42,"column":6},"end":{"line":44,"column":null}},"type":"if","locations":[{"start":{"line":42,"column":6},"end":{"line":44,"column":null}},{"start":{"line":42,"column":6},"end":{"line":44,"column":null}}]},"3":{"loc":{"start":{"line":46,"column":6},"end":{"line":48,"column":null}},"type":"if","locations":[{"start":{"line":46,"column":6},"end":{"line":48,"column":null}},{"start":{"line":46,"column":6},"end":{"line":48,"column":null}}]},"4":{"loc":{"start":{"line":50,"column":6},"end":{"line":52,"column":null}},"type":"if","locations":[{"start":{"line":50,"column":6},"end":{"line":52,"column":null}},{"start":{"line":50,"column":6},"end":{"line":52,"column":null}}]},"5":{"loc":{"start":{"line":57,"column":8},"end":{"line":59,"column":null}},"type":"if","locations":[{"start":{"line":57,"column":8},"end":{"line":59,"column":null}},{"start":{"line":57,"column":8},"end":{"line":59,"column":null}}]},"6":{"loc":{"start":{"line":61,"column":8},"end":{"line":63,"column":null}},"type":"if","locations":[{"start":{"line":61,"column":8},"end":{"line":63,"column":null}},{"start":{"line":61,"column":8},"end":{"line":63,"column":null}}]},"7":{"loc":{"start":{"line":67,"column":52},"end":{"line":67,"column":68}},"type":"cond-expr","locations":[{"start":{"line":67,"column":52},"end":{"line":67,"column":68}},{"start":{"line":67,"column":71},"end":{"line":67,"column":91}}]},"8":{"loc":{"start":{"line":67,"column":10},"end":{"line":67,"column":22}},"type":"binary-expr","locations":[{"start":{"line":67,"column":10},"end":{"line":67,"column":22}},{"start":{"line":67,"column":26},"end":{"line":67,"column":49}}]},"9":{"loc":{"start":{"line":89,"column":6},"end":{"line":91,"column":null}},"type":"if","locations":[{"start":{"line":89,"column":6},"end":{"line":91,"column":null}},{"start":{"line":89,"column":6},"end":{"line":91,"column":null}}]},"10":{"loc":{"start":{"line":93,"column":6},"end":{"line":95,"column":null}},"type":"if","locations":[{"start":{"line":93,"column":6},"end":{"line":95,"column":null}},{"start":{"line":93,"column":6},"end":{"line":95,"column":null}}]},"11":{"loc":{"start":{"line":99,"column":6},"end":{"line":101,"column":null}},"type":"if","locations":[{"start":{"line":99,"column":6},"end":{"line":101,"column":null}},{"start":{"line":99,"column":6},"end":{"line":101,"column":null}}]},"12":{"loc":{"start":{"line":103,"column":6},"end":{"line":108,"column":null}},"type":"if","locations":[{"start":{"line":103,"column":6},"end":{"line":108,"column":null}},{"start":{"line":103,"column":6},"end":{"line":108,"column":null}}]},"13":{"loc":{"start":{"line":103,"column":11},"end":{"line":103,"column":26}},"type":"binary-expr","locations":[{"start":{"line":103,"column":11},"end":{"line":103,"column":26}},{"start":{"line":103,"column":30},"end":{"line":103,"column":51}},{"start":{"line":103,"column":56},"end":{"line":103,"column":70}}]},"14":{"loc":{"start":{"line":105,"column":8},"end":{"line":107,"column":null}},"type":"if","locations":[{"start":{"line":105,"column":8},"end":{"line":107,"column":null}},{"start":{"line":105,"column":8},"end":{"line":107,"column":null}}]},"15":{"loc":{"start":{"line":105,"column":12},"end":{"line":105,"column":21}},"type":"binary-expr","locations":[{"start":{"line":105,"column":12},"end":{"line":105,"column":21}},{"start":{"line":105,"column":25},"end":{"line":105,"column":39}}]},"16":{"loc":{"start":{"line":110,"column":6},"end":{"line":112,"column":null}},"type":"if","locations":[{"start":{"line":110,"column":6},"end":{"line":112,"column":null}},{"start":{"line":110,"column":6},"end":{"line":112,"column":null}}]},"17":{"loc":{"start":{"line":115,"column":8},"end":{"line":119,"column":null}},"type":"if","locations":[{"start":{"line":115,"column":8},"end":{"line":119,"column":null}},{"start":{"line":115,"column":8},"end":{"line":119,"column":null}}]},"18":{"loc":{"start":{"line":115,"column":12},"end":{"line":115,"column":25}},"type":"binary-expr","locations":[{"start":{"line":115,"column":12},"end":{"line":115,"column":25}},{"start":{"line":115,"column":29},"end":{"line":115,"column":66}}]},"19":{"loc":{"start":{"line":124,"column":6},"end":{"line":136,"column":null}},"type":"if","locations":[{"start":{"line":124,"column":6},"end":{"line":136,"column":null}},{"start":{"line":124,"column":6},"end":{"line":136,"column":null}}]},"20":{"loc":{"start":{"line":140,"column":6},"end":{"line":152,"column":null}},"type":"if","locations":[{"start":{"line":140,"column":6},"end":{"line":152,"column":null}},{"start":{"line":140,"column":6},"end":{"line":152,"column":null}}]},"21":{"loc":{"start":{"line":140,"column":10},"end":{"line":140,"column":25}},"type":"binary-expr","locations":[{"start":{"line":140,"column":10},"end":{"line":140,"column":25}},{"start":{"line":140,"column":29},"end":{"line":140,"column":60}}]}},"s":{"0":12,"1":12,"2":12,"3":12,"4":12,"5":61,"6":854,"7":61,"8":61,"9":61,"10":61,"11":61,"12":61,"13":61,"14":60,"15":60,"16":61,"17":1,"18":61,"19":2,"20":61,"21":2,"22":61,"23":38,"24":20,"25":18,"26":1,"27":17,"28":17,"29":17,"30":17,"31":61,"32":1,"33":61,"34":1,"35":61,"36":1,"37":61,"38":1,"39":61,"40":1,"41":61,"42":56,"43":56,"44":3,"45":61,"46":4,"47":60,"48":94,"49":9,"50":85,"51":60,"52":3,"53":3,"54":3,"55":17,"56":15,"57":2,"58":12},"f":{"0":61,"1":61,"2":61,"3":61,"4":38,"5":1,"6":1,"7":61,"8":94,"9":60,"10":3,"11":17},"b":{"0":[52,9],"1":[1,60],"2":[1,60],"3":[2,59],"4":[2,59],"5":[20,18],"6":[1,17],"7":[1,16],"8":[17,1],"9":[1,60],"10":[1,60],"11":[1,60],"12":[56,5],"13":[61,59,57],"14":[3,53],"15":[56,3],"16":[4,57],"17":[9,85],"18":[94,76],"19":[3,57],"20":[15,2],"21":[17,17]}}
,"/Users/bytedance/Desktop/110.基于TypeScript从零重构axios/ts-axios/src/helpers/cookie.ts": {"path":"/Users/bytedance/Desktop/110.基于TypeScript从零重构axios/ts-axios/src/helpers/cookie.ts","statementMap":{"0":{"start":{"line":1,"column":15},"end":{"line":6,"column":null}},"1":{"start":{"line":3,"column":18},"end":{"line":3,"column":86}},"2":{"start":{"line":4,"column":4},"end":{"line":4,"column":null}},"3":{"start":{"line":8,"column":0},"end":{"line":8,"column":null}}},"fnMap":{"0":{"name":"(anonymous_0)","decl":{"start":{"line":2,"column":2},"end":{"line":2,"column":6}},"loc":{"start":{"line":2,"column":19},"end":{"line":5,"column":3}}}},"branchMap":{"0":{"loc":{"start":{"line":4,"column":19},"end":{"line":4,"column":47}},"type":"cond-expr","locations":[{"start":{"line":4,"column":19},"end":{"line":4,"column":47}},{"start":{"line":4,"column":50},"end":{"line":4,"column":54}}]}},"s":{"0":13,"1":58,"2":58,"3":13},"f":{"0":58},"b":{"0":[4,54]}}
,"/Users/bytedance/Desktop/110.基于TypeScript从零重构axios/ts-axios/src/helpers/data.ts": {"path":"/Users/bytedance/Desktop/110.基于TypeScript从零重构axios/ts-axios/src/helpers/data.ts","statementMap":{"0":{"start":{"line":1,"column":0},"end":{"line":1,"column":38}},"1":{"start":{"line":4,"column":2},"end":{"line":6,"column":null}},"2":{"start":{"line":5,"column":4},"end":{"line":5,"column":null}},"3":{"start":{"line":7,"column":2},"end":{"line":7,"column":null}},"4":{"start":{"line":3,"column":0},"end":{"line":3,"column":16}},"5":{"start":{"line":11,"column":2},"end":{"line":17,"column":null}},"6":{"start":{"line":12,"column":4},"end":{"line":16,"column":null}},"7":{"start":{"line":13,"column":6},"end":{"line":13,"column":null}},"8":{"start":{"line":18,"column":2},"end":{"line":18,"column":null}},"9":{"start":{"line":10,"column":0},"end":{"line":10,"column":16}}},"fnMap":{"0":{"name":"transformRequest","decl":{"start":{"line":3,"column":16},"end":{"line":3,"column":32}},"loc":{"start":{"line":3,"column":42},"end":{"line":8,"column":1}}},"1":{"name":"transformResponse","decl":{"start":{"line":10,"column":16},"end":{"line":10,"column":33}},"loc":{"start":{"line":10,"column":43},"end":{"line":19,"column":1}}}},"branchMap":{"0":{"loc":{"start":{"line":4,"column":2},"end":{"line":6,"column":null}},"type":"if","locations":[{"start":{"line":4,"column":2},"end":{"line":6,"column":null}},{"start":{"line":4,"column":2},"end":{"line":6,"column":null}}]},"1":{"loc":{"start":{"line":11,"column":2},"end":{"line":17,"column":null}},"type":"if","locations":[{"start":{"line":11,"column":2},"end":{"line":17,"column":null}},{"start":{"line":11,"column":2},"end":{"line":17,"column":null}}]}},"s":{"0":13,"1":62,"2":7,"3":55,"4":13,"5":21,"6":19,"7":19,"8":21,"9":13},"f":{"0":62,"1":21},"b":{"0":[7,55],"1":[19,2]}}
,"/Users/bytedance/Desktop/110.基于TypeScript从零重构axios/ts-axios/src/helpers/error.ts": {"path":"/Users/bytedance/Desktop/110.基于TypeScript从零重构axios/ts-axios/src/helpers/error.ts","statementMap":{"0":{"start":{"line":3,"column":0},"end":{"line":3,"column":null}},"1":{"start":{"line":3,"column":32},"end":{"line":3,"column":37}},"2":{"start":{"line":28,"column":0},"end":{"line":28,"column":null}},"3":{"start":{"line":3,"column":13},"end":{"line":3,"column":23}},"4":{"start":{"line":37,"column":16},"end":{"line":37,"column":72}},"5":{"start":{"line":39,"column":2},"end":{"line":39,"column":null}},"6":{"start":{"line":30,"column":0},"end":{"line":30,"column":16}}},"fnMap":{"0":{"name":"(anonymous_6)","decl":{"start":{"line":3,"column":0},"end":{"line":3,"column":13}},"loc":{"start":{"line":3,"column":0},"end":{"line":28,"column":null}}},"1":{"name":"createError","decl":{"start":{"line":30,"column":16},"end":{"line":30,"column":27}},"loc":{"start":{"line":35,"column":26},"end":{"line":40,"column":1}}}},"branchMap":{},"s":{"0":13,"1":13,"2":13,"3":13,"4":5,"5":5,"6":13},"f":{"0":13,"1":5},"b":{}}
,"/Users/bytedance/Desktop/110.基于TypeScript从零重构axios/ts-axios/src/helpers/headers.ts": {"path":"/Users/bytedance/Desktop/110.基于TypeScript从零重构axios/ts-axios/src/helpers/headers.ts","statementMap":{"0":{"start":{"line":1,"column":0},"end":{"line":1,"column":49}},"1":{"start":{"line":5,"column":2},"end":{"line":7,"column":null}},"2":{"start":{"line":6,"column":4},"end":{"line":6,"column":10}},"3":{"start":{"line":8,"column":2},"end":{"line":13,"column":null}},"4":{"start":{"line":9,"column":4},"end":{"line":12,"column":null}},"5":{"start":{"line":10,"column":6},"end":{"line":10,"column":null}},"6":{"start":{"line":11,"column":6},"end":{"line":11,"column":null}},"7":{"start":{"line":17,"column":2},"end":{"line":17,"column":null}},"8":{"start":{"line":19,"column":2},"end":{"line":23,"column":null}},"9":{"start":{"line":20,"column":4},"end":{"line":22,"column":null}},"10":{"start":{"line":21,"column":6},"end":{"line":21,"column":null}},"11":{"start":{"line":24,"column":2},"end":{"line":24,"column":null}},"12":{"start":{"line":16,"column":0},"end":{"line":16,"column":16}},"13":{"start":{"line":28,"column":15},"end":{"line":28,"column":34}},"14":{"start":{"line":29,"column":2},"end":{"line":31,"column":null}},"15":{"start":{"line":30,"column":4},"end":{"line":30,"column":null}},"16":{"start":{"line":33,"column":2},"end":{"line":41,"column":null}},"17":{"start":{"line":34,"column":25},"end":{"line":34,"column":40}},"18":{"start":{"line":34,"column":12},"end":{"line":34,"column":17}},"19":{"start":{"line":34,"column":21},"end":{"line":34,"column":25}},"20":{"start":{"line":35,"column":4},"end":{"line":35,"column":null}},"21":{"start":{"line":36,"column":4},"end":{"line":38,"column":null}},"22":{"start":{"line":37,"column":6},"end":{"line":37,"column":12}},"23":{"start":{"line":39,"column":16},"end":{"line":39,"column":37}},"24":{"start":{"line":40,"column":4},"end":{"line":40,"column":null}},"25":{"start":{"line":43,"column":2},"end":{"line":43,"column":null}},"26":{"start":{"line":27,"column":0},"end":{"line":27,"column":16}},"27":{"start":{"line":47,"column":2},"end":{"line":49,"column":null}},"28":{"start":{"line":48,"column":4},"end":{"line":48,"column":null}},"29":{"start":{"line":50,"column":2},"end":{"line":50,"column":null}},"30":{"start":{"line":52,"column":26},"end":{"line":52,"column":96}},"31":{"start":{"line":54,"column":2},"end":{"line":56,"column":null}},"32":{"start":{"line":55,"column":4},"end":{"line":55,"column":null}},"33":{"start":{"line":58,"column":2},"end":{"line":58,"column":null}},"34":{"start":{"line":46,"column":0},"end":{"line":46,"column":16}}},"fnMap":{"0":{"name":"normalizeHeaderName","decl":{"start":{"line":4,"column":9},"end":{"line":4,"column":28}},"loc":{"start":{"line":4,"column":65},"end":{"line":14,"column":1}}},"1":{"name":"(anonymous_1)","decl":{"start":{"line":8,"column":31},"end":{"line":8,"column":35}},"loc":{"start":{"line":8,"column":35},"end":{"line":13,"column":3}}},"2":{"name":"processHeaders","decl":{"start":{"line":16,"column":16},"end":{"line":16,"column":30}},"loc":{"start":{"line":16,"column":54},"end":{"line":25,"column":1}}},"3":{"name":"parseHeaders","decl":{"start":{"line":27,"column":16},"end":{"line":27,"column":28}},"loc":{"start":{"line":27,"column":44},"end":{"line":44,"column":1}}},"4":{"name":"(anonymous_4)","decl":{"start":{"line":33,"column":32},"end":{"line":33,"column":36}},"loc":{"start":{"line":33,"column":36},"end":{"line":41,"column":3}}},"5":{"name":"flattenHeaders","decl":{"start":{"line":46,"column":16},"end":{"line":46,"column":30}},"loc":{"start":{"line":46,"column":59},"end":{"line":59,"column":1}}},"6":{"name":"(anonymous_6)","decl":{"start":{"line":54,"column":26},"end":{"line":54,"column":32}},"loc":{"start":{"line":54,"column":32},"end":{"line":56,"column":3}}}},"branchMap":{"0":{"loc":{"start":{"line":5,"column":2},"end":{"line":7,"column":null}},"type":"if","locations":[{"start":{"line":5,"column":2},"end":{"line":7,"column":null}},{"start":{"line":5,"column":2},"end":{"line":7,"column":null}}]},"1":{"loc":{"start":{"line":9,"column":4},"end":{"line":12,"column":null}},"type":"if","locations":[{"start":{"line":9,"column":4},"end":{"line":12,"column":null}},{"start":{"line":9,"column":4},"end":{"line":12,"column":null}}]},"2":{"loc":{"start":{"line":9,"column":8},"end":{"line":9,"column":31}},"type":"binary-expr","locations":[{"start":{"line":9,"column":8},"end":{"line":9,"column":31}},{"start":{"line":9,"column":35},"end":{"line":9,"column":86}}]},"3":{"loc":{"start":{"line":19,"column":2},"end":{"line":23,"column":null}},"type":"if","locations":[{"start":{"line":19,"column":2},"end":{"line":23,"column":null}},{"start":{"line":19,"column":2},"end":{"line":23,"column":null}}]},"4":{"loc":{"start":{"line":20,"column":4},"end":{"line":22,"column":null}},"type":"if","locations":[{"start":{"line":20,"column":4},"end":{"line":22,"column":null}},{"start":{"line":20,"column":4},"end":{"line":22,"column":null}}]},"5":{"loc":{"start":{"line":20,"column":8},"end":{"line":20,"column":15}},"type":"binary-expr","locations":[{"start":{"line":20,"column":8},"end":{"line":20,"column":15}},{"start":{"line":20,"column":19},"end":{"line":20,"column":43}}]},"6":{"loc":{"start":{"line":29,"column":2},"end":{"line":31,"column":null}},"type":"if","locations":[{"start":{"line":29,"column":2},"end":{"line":31,"column":null}},{"start":{"line":29,"column":2},"end":{"line":31,"column":null}}]},"7":{"loc":{"start":{"line":36,"column":4},"end":{"line":38,"column":null}},"type":"if","locations":[{"start":{"line":36,"column":4},"end":{"line":38,"column":null}},{"start":{"line":36,"column":4},"end":{"line":38,"column":null}}]},"8":{"loc":{"start":{"line":47,"column":2},"end":{"line":49,"column":null}},"type":"if","locations":[{"start":{"line":47,"column":2},"end":{"line":49,"column":null}},{"start":{"line":47,"column":2},"end":{"line":49,"column":null}}]}},"s":{"0":13,"1":65,"2":4,"3":61,"4":476,"5":2,"6":2,"7":65,"8":65,"9":10,"10":5,"11":65,"12":13,"13":19,"14":19,"15":1,"16":18,"17":40,"18":40,"19":40,"20":40,"21":40,"22":18,"23":22,"24":22,"25":18,"26":13,"27":65,"28":3,"29":62,"30":62,"31":62,"32":496,"33":62,"34":13},"f":{"0":65,"1":476,"2":65,"3":19,"4":40,"5":65,"6":496},"b":{"0":[4,61],"1":[2,474],"2":[476,476],"3":[10,55],"4":[5,5],"5":[10,7],"6":[1,18],"7":[18,22],"8":[3,62]}}
,"/Users/bytedance/Desktop/110.基于TypeScript从零重构axios/ts-axios/src/helpers/url.ts": {"path":"/Users/bytedance/Desktop/110.基于TypeScript从零重构axios/ts-axios/src/helpers/url.ts","statementMap":{"0":{"start":{"line":1,"column":0},"end":{"line":1,"column":65}},"1":{"start":{"line":9,"column":2},"end":{"line":16,"column":null}},"2":{"start":{"line":24,"column":2},"end":{"line":26,"column":null}},"3":{"start":{"line":25,"column":4},"end":{"line":25,"column":null}},"4":{"start":{"line":30,"column":2},"end":{"line":60,"column":null}},"5":{"start":{"line":31,"column":4},"end":{"line":31,"column":null}},"6":{"start":{"line":32,"column":9},"end":{"line":60,"column":null}},"7":{"start":{"line":33,"column":4},"end":{"line":33,"column":null}},"8":{"start":{"line":35,"column":28},"end":{"line":35,"column":30}},"9":{"start":{"line":37,"column":4},"end":{"line":57,"column":null}},"10":{"start":{"line":38,"column":18},"end":{"line":38,"column":29}},"11":{"start":{"line":39,"column":6},"end":{"line":41,"column":null}},"12":{"start":{"line":40,"column":8},"end":{"line":40,"column":14}},"13":{"start":{"line":42,"column":19},"end":{"line":42,"column":21}},"14":{"start":{"line":43,"column":6},"end":{"line":48,"column":null}},"15":{"start":{"line":44,"column":8},"end":{"line":44,"column":null}},"16":{"start":{"line":45,"column":8},"end":{"line":45,"column":null}},"17":{"start":{"line":47,"column":8},"end":{"line":47,"column":null}},"18":{"start":{"line":49,"column":6},"end":{"line":56,"column":null}},"19":{"start":{"line":50,"column":8},"end":{"line":54,"column":null}},"20":{"start":{"line":51,"column":10},"end":{"line":51,"column":null}},"21":{"start":{"line":52,"column":15},"end":{"line":54,"column":null}},"22":{"start":{"line":53,"column":10},"end":{"line":53,"column":null}},"23":{"start":{"line":55,"column":8},"end":{"line":55,"column":null}},"24":{"start":{"line":59,"column":4},"end":{"line":59,"column":null}},"25":{"start":{"line":62,"column":2},"end":{"line":69,"column":null}},"26":{"start":{"line":63,"column":22},"end":{"line":63,"column":38}},"27":{"start":{"line":64,"column":4},"end":{"line":66,"column":null}},"28":{"start":{"line":65,"column":6},"end":{"line":65,"column":null}},"29":{"start":{"line":68,"column":4},"end":{"line":68,"column":null}},"30":{"start":{"line":71,"column":2},"end":{"line":71,"column":null}},"31":{"start":{"line":19,"column":0},"end":{"line":19,"column":16}},"32":{"start":{"line":75,"column":2},"end":{"line":75,"column":null}},"33":{"start":{"line":74,"column":0},"end":{"line":74,"column":16}},"34":{"start":{"line":79,"column":2},"end":{"line":79,"column":null}},"35":{"start":{"line":78,"column":0},"end":{"line":78,"column":16}},"36":{"start":{"line":83,"column":23},"end":{"line":83,"column":45}},"37":{"start":{"line":84,"column":2},"end":{"line":86,"column":null}},"38":{"start":{"line":82,"column":0},"end":{"line":82,"column":16}},"39":{"start":{"line":89,"column":23},"end":{"line":89,"column":50}},"40":{"start":{"line":90,"column":22},"end":{"line":90,"column":54}},"41":{"start":{"line":93,"column":2},"end":{"line":93,"column":null}},"42":{"start":{"line":94,"column":29},"end":{"line":94,"column":null}},"43":{"start":{"line":96,"column":2},"end":{"line":99,"column":null}}},"fnMap":{"0":{"name":"encode","decl":{"start":{"line":8,"column":9},"end":{"line":8,"column":15}},"loc":{"start":{"line":8,"column":27},"end":{"line":17,"column":1}}},"1":{"name":"buildURL","decl":{"start":{"line":19,"column":16},"end":{"line":19,"column":24}},"loc":{"start":{"line":22,"column":44},"end":{"line":72,"column":1}}},"2":{"name":"(anonymous_2)","decl":{"start":{"line":37,"column":32},"end":{"line":37,"column":35}},"loc":{"start":{"line":37,"column":35},"end":{"line":57,"column":5}}},"3":{"name":"(anonymous_3)","decl":{"start":{"line":49,"column":21},"end":{"line":49,"column":24}},"loc":{"start":{"line":49,"column":24},"end":{"line":56,"column":7}}},"4":{"name":"isAbsoluteURL","decl":{"start":{"line":74,"column":16},"end":{"line":74,"column":29}},"loc":{"start":{"line":74,"column":41},"end":{"line":76,"column":1}}},"5":{"name":"combineURL","decl":{"start":{"line":78,"column":16},"end":{"line":78,"column":26}},"loc":{"start":{"line":78,"column":64},"end":{"line":80,"column":1}}},"6":{"name":"isURLSameOrigin","decl":{"start":{"line":82,"column":16},"end":{"line":82,"column":31}},"loc":{"start":{"line":82,"column":50},"end":{"line":87,"column":1}}},"7":{"name":"resolveURL","decl":{"start":{"line":92,"column":9},"end":{"line":92,"column":19}},"loc":{"start":{"line":92,"column":31},"end":{"line":100,"column":1}}}},"branchMap":{"0":{"loc":{"start":{"line":24,"column":2},"end":{"line":26,"column":null}},"type":"if","locations":[{"start":{"line":24,"column":2},"end":{"line":26,"column":null}},{"start":{"line":24,"column":2},"end":{"line":26,"column":null}}]},"1":{"loc":{"start":{"line":30,"column":2},"end":{"line":60,"column":null}},"type":"if","locations":[{"start":{"line":30,"column":2},"end":{"line":60,"column":null}},{"start":{"line":30,"column":2},"end":{"line":60,"column":null}}]},"2":{"loc":{"start":{"line":32,"column":9},"end":{"line":60,"column":null}},"type":"if","locations":[{"start":{"line":32,"column":9},"end":{"line":60,"column":null}},{"start":{"line":32,"column":9},"end":{"line":60,"column":null}}]},"3":{"loc":{"start":{"line":39,"column":6},"end":{"line":41,"column":null}},"type":"if","locations":[{"start":{"line":39,"column":6},"end":{"line":41,"column":null}},{"start":{"line":39,"column":6},"end":{"line":41,"column":null}}]},"4":{"loc":{"start":{"line":39,"column":10},"end":{"line":39,"column":22}},"type":"binary-expr","locations":[{"start":{"line":39,"column":10},"end":{"line":39,"column":22}},{"start":{"line":39,"column":26},"end":{"line":39,"column":52}}]},"5":{"loc":{"start":{"line":43,"column":6},"end":{"line":48,"column":null}},"type":"if","locations":[{"start":{"line":43,"column":6},"end":{"line":48,"column":null}},{"start":{"line":43,"column":6},"end":{"line":48,"column":null}}]},"6":{"loc":{"start":{"line":50,"column":8},"end":{"line":54,"column":null}},"type":"if","locations":[{"start":{"line":50,"column":8},"end":{"line":54,"column":null}},{"start":{"line":50,"column":8},"end":{"line":54,"column":null}}]},"7":{"loc":{"start":{"line":52,"column":15},"end":{"line":54,"column":null}},"type":"if","locations":[{"start":{"line":52,"column":15},"end":{"line":54,"column":null}},{"start":{"line":52,"column":15},"end":{"line":54,"column":null}}]},"8":{"loc":{"start":{"line":62,"column":2},"end":{"line":69,"column":null}},"type":"if","locations":[{"start":{"line":62,"column":2},"end":{"line":69,"column":null}},{"start":{"line":62,"column":2},"end":{"line":69,"column":null}}]},"9":{"loc":{"start":{"line":64,"column":4},"end":{"line":66,"column":null}},"type":"if","locations":[{"start":{"line":64,"column":4},"end":{"line":66,"column":null}},{"start":{"line":64,"column":4},"end":{"line":66,"column":null}}]},"10":{"loc":{"start":{"line":68,"column":38},"end":{"line":68,"column":41}},"type":"cond-expr","locations":[{"start":{"line":68,"column":38},"end":{"line":68,"column":41}},{"start":{"line":68,"column":44},"end":{"line":68,"column":47}}]},"11":{"loc":{"start":{"line":79,"column":23},"end":{"line":79,"column":90}},"type":"cond-expr","locations":[{"start":{"line":79,"column":23},"end":{"line":79,"column":90}},{"start":{"line":79,"column":93},"end":{"line":79,"column":100}}]},"12":{"loc":{"start":{"line":85,"column":4},"end":{"line":85,"column":52}},"type":"binary-expr","locations":[{"start":{"line":85,"column":4},"end":{"line":85,"column":52}},{"start":{"line":85,"column":56},"end":{"line":85,"column":96}}]}},"s":{"0":13,"1":24,"2":74,"3":62,"4":12,"5":1,"6":11,"7":1,"8":10,"9":10,"10":13,"11":13,"12":2,"13":11,"14":11,"15":1,"16":1,"17":10,"18":11,"19":12,"20":1,"21":11,"22":1,"23":12,"24":10,"25":12,"26":11,"27":11,"28":1,"29":11,"30":12,"31":13,"32":12,"33":13,"34":9,"35":13,"36":61,"37":61,"38":13,"39":13,"40":13,"41":74,"42":148,"43":74},"f":{"0":24,"1":74,"2":13,"3":12,"4":12,"5":9,"6":61,"7":74},"b":{"0":[62,12],"1":[1,11],"2":[1,10],"3":[2,11],"4":[13,11],"5":[1,10],"6":[1,11],"7":[1,10],"8":[11,1],"9":[1,10],"10":[9,2],"11":[8,1],"12":[61,60]}}
,"/Users/bytedance/Desktop/110.基于TypeScript从零重构axios/ts-axios/src/helpers/util.ts": {"path":"/Users/bytedance/Desktop/110.基于TypeScript从零重构axios/ts-axios/src/helpers/util.ts","statementMap":{"0":{"start":{"line":1,"column":17},"end":{"line":1,"column":42}},"1":{"start":{"line":4,"column":2},"end":{"line":4,"column":null}},"2":{"start":{"line":3,"column":0},"end":{"line":3,"column":16}},"3":{"start":{"line":12,"column":2},"end":{"line":12,"column":null}},"4":{"start":{"line":11,"column":0},"end":{"line":11,"column":16}},"5":{"start":{"line":16,"column":2},"end":{"line":16,"column":null}},"6":{"start":{"line":15,"column":0},"end":{"line":15,"column":16}},"7":{"start":{"line":20,"column":2},"end":{"line":20,"column":null}},"8":{"start":{"line":19,"column":0},"end":{"line":19,"column":16}},"9":{"start":{"line":24,"column":2},"end":{"line":26,"column":null}},"10":{"start":{"line":25,"column":6},"end":{"line":25,"column":null}},"11":{"start":{"line":27,"column":2},"end":{"line":27,"column":null}},"12":{"start":{"line":23,"column":0},"end":{"line":23,"column":16}},"13":{"start":{"line":30,"column":26},"end":{"line":30,"column":40}},"14":{"start":{"line":31,"column":17},"end":{"line":31,"column":36}},"15":{"start":{"line":33,"column":2},"end":{"line":48,"column":null}},"16":{"start":{"line":34,"column":4},"end":{"line":47,"column":null}},"17":{"start":{"line":35,"column":6},"end":{"line":46,"column":null}},"18":{"start":{"line":36,"column":20},"end":{"line":36,"column":28}},"19":{"start":{"line":37,"column":8},"end":{"line":45,"column":null}},"20":{"start":{"line":38,"column":10},"end":{"line":42,"column":null}},"21":{"start":{"line":39,"column":12},"end":{"line":39,"column":null}},"22":{"start":{"line":41,"column":12},"end":{"line":41,"column":null}},"23":{"start":{"line":44,"column":10},"end":{"line":44,"column":null}},"24":{"start":{"line":50,"column":2},"end":{"line":50,"column":null}},"25":{"start":{"line":30,"column":0},"end":{"line":30,"column":16}}},"fnMap":{"0":{"name":"isDate","decl":{"start":{"line":3,"column":16},"end":{"line":3,"column":22}},"loc":{"start":{"line":3,"column":31},"end":{"line":5,"column":1}}},"1":{"name":"isPlainObject","decl":{"start":{"line":11,"column":16},"end":{"line":11,"column":29}},"loc":{"start":{"line":11,"column":38},"end":{"line":13,"column":1}}},"2":{"name":"isFormData","decl":{"start":{"line":15,"column":16},"end":{"line":15,"column":26}},"loc":{"start":{"line":15,"column":35},"end":{"line":17,"column":1}}},"3":{"name":"isURLSearchParams","decl":{"start":{"line":19,"column":16},"end":{"line":19,"column":33}},"loc":{"start":{"line":19,"column":42},"end":{"line":21,"column":1}}},"4":{"name":"extend","decl":{"start":{"line":23,"column":16},"end":{"line":23,"column":22}},"loc":{"start":{"line":23,"column":43},"end":{"line":28,"column":1}}},"5":{"name":"deepMerge","decl":{"start":{"line":30,"column":16},"end":{"line":30,"column":25}},"loc":{"start":{"line":30,"column":25},"end":{"line":51,"column":1}}},"6":{"name":"(anonymous_6)","decl":{"start":{"line":33,"column":15},"end":{"line":33,"column":18}},"loc":{"start":{"line":33,"column":18},"end":{"line":48,"column":3}}},"7":{"name":"(anonymous_7)","decl":{"start":{"line":35,"column":31},"end":{"line":35,"column":34}},"loc":{"start":{"line":35,"column":34},"end":{"line":46,"column":7}}}},"branchMap":{"0":{"loc":{"start":{"line":16,"column":9},"end":{"line":16,"column":35}},"type":"binary-expr","locations":[{"start":{"line":16,"column":9},"end":{"line":16,"column":35}},{"start":{"line":16,"column":39},"end":{"line":16,"column":62}}]},"1":{"loc":{"start":{"line":20,"column":9},"end":{"line":20,"column":35}},"type":"binary-expr","locations":[{"start":{"line":20,"column":9},"end":{"line":20,"column":35}},{"start":{"line":20,"column":39},"end":{"line":20,"column":69}}]},"2":{"loc":{"start":{"line":34,"column":4},"end":{"line":47,"column":null}},"type":"if","locations":[{"start":{"line":34,"column":4},"end":{"line":47,"column":null}},{"start":{"line":34,"column":4},"end":{"line":47,"column":null}}]},"3":{"loc":{"start":{"line":37,"column":8},"end":{"line":45,"column":null}},"type":"if","locations":[{"start":{"line":37,"column":8},"end":{"line":45,"column":null}},{"start":{"line":37,"column":8},"end":{"line":45,"column":null}}]},"4":{"loc":{"start":{"line":38,"column":10},"end":{"line":42,"column":null}},"type":"if","locations":[{"start":{"line":38,"column":10},"end":{"line":42,"column":null}},{"start":{"line":38,"column":10},"end":{"line":42,"column":null}}]}},"s":{"0":16,"1":14,"2":16,"3":3549,"4":16,"5":63,"6":16,"7":13,"8":16,"9":38,"10":470,"11":38,"12":16,"13":4347,"14":1398,"15":1398,"16":1551,"17":1536,"18":1993,"19":1993,"20":1227,"21":4,"22":1223,"23":766,"24":1398,"25":16},"f":{"0":14,"1":3549,"2":63,"3":13,"4":38,"5":1398,"6":1551,"7":1993},"b":{"0":[63,63],"1":[13,13],"2":[1536,15],"3":[1227,766],"4":[4,1223]}}
}
