TN:
SF:/Users/bytedance/Desktop/110.基于TypeScript从零重构axios/ts-axios/src/axios.ts
FN:9,createInstance
FN:20,create
FN:28,all
FN:32,spread
FN:33,wrap
FNF:5
FNH:5
FNDA:36,createInstance
FNDA:24,create
FNDA:2,all
FNDA:1,spread
FNDA:1,wrap
DA:2,12
DA:3,12
DA:4,12
DA:5,12
DA:6,12
DA:7,12
DA:10,36
DA:11,36
DA:13,36
DA:15,36
DA:18,12
DA:20,12
DA:21,24
DA:24,12
DA:25,12
DA:26,12
DA:28,12
DA:29,2
DA:32,12
DA:33,1
DA:34,1
DA:38,12
DA:40,12
LF:23
LH:23
BRF:0
BRH:0
end_of_record
TN:
SF:/Users/bytedance/Desktop/110.基于TypeScript从零重构axios/ts-axios/src/defaults.ts
FN:21,(anonymous_0)
FN:28,(anonymous_1)
FN:33,(anonymous_2)
FN:40,(anonymous_3)
FN:46,(anonymous_4)
FNF:5
FNH:5
FNDA:60,(anonymous_0)
FNDA:18,(anonymous_1)
FNDA:15,(anonymous_2)
FNDA:48,(anonymous_3)
FNDA:36,(anonymous_4)
DA:2,12
DA:3,12
DA:5,12
DA:22,60
DA:23,60
DA:29,18
DA:34,15
DA:38,12
DA:40,12
DA:41,48
DA:44,12
DA:46,12
DA:47,36
DA:52,12
LF:14
LH:14
BRDA:34,0,0,15
BRDA:34,0,1,15
BRF:2
BRH:2
end_of_record
TN:
SF:/Users/bytedance/Desktop/110.基于TypeScript从零重构axios/ts-axios/src/index.ts
FNF:0
FNH:0
DA:1,12
DA:3,12
DA:5,12
LF:3
LH:3
BRF:0
BRH:0
end_of_record
TN:
SF:/Users/bytedance/Desktop/110.基于TypeScript从零重构axios/ts-axios/src/cancel/Cancel.ts
FN:1,(anonymous_0)
FN:4,Cancel
FN:9,isCancel
FNF:3
FNH:3
FNDA:14,(anonymous_0)
FNDA:11,Cancel
FNDA:2,isCancel
DA:1,14
DA:5,11
DA:7,14
DA:9,14
DA:10,2
LF:5
LH:5
BRF:0
BRH:0
end_of_record
TN:
SF:/Users/bytedance/Desktop/110.基于TypeScript从零重构axios/ts-axios/src/cancel/CancelToken.ts
FN:9,(anonymous_0)
FN:13,CancelToken
FN:15,(anonymous_2)
FN:19,(anonymous_3)
FN:28,(anonymous_4)
FN:34,(anonymous_5)
FN:36,(anonymous_6)
FNF:7
FNH:7
FNDA:13,(anonymous_0)
FNDA:11,CancelToken
FNDA:11,(anonymous_2)
FNDA:10,(anonymous_3)
FNDA:6,(anonymous_4)
FNDA:5,(anonymous_5)
FNDA:5,(anonymous_6)
DA:3,13
DA:9,13
DA:13,11
DA:15,11
DA:16,11
DA:19,11
DA:20,10
DA:21,1
DA:23,9
DA:24,9
DA:28,13
DA:29,6
DA:30,2
DA:34,13
DA:36,5
DA:37,5
DA:39,5
DA:44,13
LF:18
LH:18
BRDA:20,0,0,1
BRDA:20,0,1,9
BRDA:29,1,0,2
BRDA:29,1,1,4
BRF:4
BRH:4
end_of_record
TN:
SF:/Users/bytedance/Desktop/110.基于TypeScript从零重构axios/ts-axios/src/core/Axios.ts
FN:23,(anonymous_0)
FN:27,Axios
FN:35,(anonymous_2)
FN:55,(anonymous_3)
FN:59,(anonymous_4)
FN:73,(anonymous_5)
FN:77,(anonymous_6)
FN:81,(anonymous_7)
FN:85,(anonymous_8)
FN:89,(anonymous_9)
FN:93,(anonymous_10)
FN:97,(anonymous_11)
FN:101,(anonymous_12)
FN:106,(anonymous_13)
FN:119,(anonymous_14)
FNF:15
FNH:15
FNDA:12,(anonymous_0)
FNDA:36,Axios
FNDA:62,(anonymous_2)
FNDA:7,(anonymous_3)
FNDA:8,(anonymous_4)
FNDA:12,(anonymous_5)
FNDA:1,(anonymous_6)
FNDA:1,(anonymous_7)
FNDA:1,(anonymous_8)
FNDA:12,(anonymous_9)
FNDA:1,(anonymous_10)
FNDA:1,(anonymous_11)
FNDA:1,(anonymous_12)
FNDA:15,(anonymous_13)
FNDA:14,(anonymous_14)
DA:9,12
DA:10,12
DA:11,12
DA:23,12
DA:28,36
DA:29,36
DA:35,12
DA:36,62
DA:37,32
DA:38,19
DA:40,32
DA:42,30
DA:45,62
DA:46,62
DA:48,62
DA:55,62
DA:56,7
DA:59,62
DA:60,8
DA:63,62
DA:65,62
DA:66,77
DA:67,77
DA:70,62
DA:73,12
DA:74,12
DA:77,12
DA:78,1
DA:81,12
DA:82,1
DA:85,12
DA:86,1
DA:89,12
DA:90,12
DA:93,12
DA:94,1
DA:97,12
DA:98,1
DA:101,12
DA:102,1
DA:103,1
DA:106,12
DA:111,15
DA:119,12
DA:125,14
DA:133,12
LF:46
LH:46
BRDA:36,0,0,32
BRDA:36,0,1,30
BRDA:37,1,0,19
BRDA:37,1,1,13
BRDA:112,2,0,15
BRDA:112,2,1,10
BRDA:126,3,0,14
BRDA:126,3,1,11
BRF:8
BRH:8
end_of_record
TN:
SF:/Users/bytedance/Desktop/110.基于TypeScript从零重构axios/ts-axios/src/core/InterceptorManager.ts
FN:8,(anonymous_0)
FN:11,InterceptorManager
FN:15,(anonymous_2)
FN:23,(anonymous_3)
FN:24,(anonymous_4)
FN:31,(anonymous_5)
FNF:6
FNH:6
FNDA:12,(anonymous_0)
FNDA:72,InterceptorManager
FNDA:17,(anonymous_2)
FNDA:124,(anonymous_3)
FNDA:16,(anonymous_4)
FNDA:2,(anonymous_5)
DA:8,12
DA:12,72
DA:15,12
DA:16,17
DA:20,17
DA:23,12
DA:24,124
DA:25,16
DA:26,15
DA:31,12
DA:32,2
DA:33,1
DA:36,12
LF:13
LH:13
BRDA:25,0,0,15
BRDA:25,0,1,1
BRDA:32,1,0,1
BRDA:32,1,1,1
BRF:4
BRH:4
end_of_record
TN:
SF:/Users/bytedance/Desktop/110.基于TypeScript从零重构axios/ts-axios/src/core/dispatchRequest.ts
FN:7,dispatchRequest
FN:11,(anonymous_1)
FN:14,(anonymous_2)
FN:23,processConfig
FN:29,transformURL
FN:37,transformResponseData
FN:42,throwIfCancellationRequested
FNF:7
FNH:7
FNDA:62,dispatchRequest
FNDA:14,(anonymous_1)
FNDA:7,(anonymous_2)
FNDA:61,processConfig
FNDA:62,transformURL
FNDA:16,transformResponseData
FNDA:62,throwIfCancellationRequested
DA:2,12
DA:3,12
DA:4,12
DA:5,12
DA:7,12
DA:8,62
DA:9,61
DA:10,61
DA:12,14
DA:15,7
DA:16,2
DA:18,7
DA:24,61
DA:25,61
DA:26,61
DA:29,12
DA:30,248
DA:31,62
DA:32,4
DA:34,62
DA:38,16
DA:39,16
DA:43,62
DA:44,4
LF:24
LH:24
BRDA:15,0,0,2
BRDA:15,0,1,5
BRDA:15,1,0,7
BRDA:15,1,1,7
BRDA:31,2,0,4
BRDA:31,2,1,58
BRDA:31,3,0,62
BRDA:31,3,1,4
BRDA:43,4,0,4
BRDA:43,4,1,58
BRF:10
BRH:10
end_of_record
TN:
SF:/Users/bytedance/Desktop/110.基于TypeScript从零重构axios/ts-axios/src/core/mergeConfig.ts
FN:6,defaultStrat
FN:10,fromVal2Strat
FN:16,deepMergeStrat
FN:30,(anonymous_3)
FN:36,(anonymous_4)
FN:40,mergeConfig
FN:60,mergeField
FNF:7
FNH:7
FNDA:658,defaultStrat
FNDA:84,fromVal2Strat
FNDA:101,deepMergeStrat
FNDA:36,(anonymous_3)
FNDA:24,(anonymous_4)
FNDA:97,mergeConfig
FNDA:843,mergeField
DA:2,12
DA:4,12
DA:7,658
DA:11,84
DA:12,76
DA:17,101
DA:18,11
DA:19,90
DA:20,2
DA:21,88
DA:22,87
DA:24,1
DA:28,12
DA:30,12
DA:31,36
DA:34,12
DA:36,12
DA:37,24
DA:40,12
DA:44,97
DA:45,22
DA:48,97
DA:50,97
DA:51,147
DA:54,97
DA:55,746
DA:56,696
DA:61,843
DA:62,843
DA:65,97
LF:30
LH:30
BRDA:7,0,0,54
BRDA:7,0,1,604
BRDA:11,1,0,76
BRDA:11,1,1,8
BRDA:17,2,0,11
BRDA:17,2,1,90
BRDA:19,3,0,2
BRDA:19,3,1,88
BRDA:21,4,0,87
BRDA:21,4,1,1
BRDA:44,5,0,22
BRDA:44,5,1,75
BRDA:55,6,0,696
BRDA:55,6,1,50
BRDA:61,7,0,843
BRDA:61,7,1,658
BRF:16
BRH:16
end_of_record
TN:
SF:/Users/bytedance/Desktop/110.基于TypeScript从零重构axios/ts-axios/src/core/transform.ts
FN:3,transform
FN:14,(anonymous_1)
FNF:2
FNH:2
FNDA:77,transform
FNDA:77,(anonymous_1)
DA:3,12
DA:8,77
DA:9,1
DA:11,76
DA:12,2
DA:14,76
DA:15,77
DA:17,76
LF:8
LH:8
BRDA:8,0,0,1
BRDA:8,0,1,76
BRDA:11,1,0,2
BRDA:11,1,1,74
BRF:4
BRH:4
end_of_record
TN:
SF:/Users/bytedance/Desktop/110.基于TypeScript从零重构axios/ts-axios/src/core/xhr.ts
FN:8,xhr
FN:9,(anonymous_1)
FN:41,configureRequest
FN:55,addEvents
FN:56,handleLoad
FN:79,handleError
FN:83,handleTimeout
FN:98,processHeaders
FN:114,(anonymous_8)
FN:123,processCancel
FN:126,(anonymous_10)
FN:139,handleResponse
FNF:12
FNH:12
FNDA:61,xhr
FNDA:61,(anonymous_1)
FNDA:61,configureRequest
FNDA:61,addEvents
FNDA:38,handleLoad
FNDA:1,handleError
FNDA:1,handleTimeout
FNDA:61,processHeaders
FNDA:94,(anonymous_8)
FNDA:60,processCancel
FNDA:3,(anonymous_10)
FNDA:17,handleResponse
DA:2,12
DA:3,12
DA:4,12
DA:5,12
DA:6,12
DA:8,12
DA:9,61
DA:11,61
DA:14,61
DA:25,854
DA:27,61
DA:29,61
DA:31,61
DA:33,61
DA:35,61
DA:37,60
DA:39,60
DA:42,61
DA:43,1
DA:46,61
DA:47,2
DA:50,61
DA:51,2
DA:56,61
DA:57,38
DA:58,20
DA:61,18
DA:62,1
DA:65,17
DA:67,17
DA:68,17
DA:76,17
DA:79,61
DA:80,1
DA:83,61
DA:84,1
DA:89,61
DA:90,1
DA:93,61
DA:94,1
DA:99,61
DA:100,1
DA:103,61
DA:104,56
DA:105,56
DA:106,3
DA:110,61
DA:111,4
DA:114,60
DA:115,94
DA:116,9
DA:118,85
DA:124,60
DA:125,3
DA:127,3
DA:128,3
DA:140,17
DA:141,15
DA:143,2
LF:59
LH:59
BRDA:11,0,0,52
BRDA:11,0,1,9
BRDA:14,1,0,1
BRDA:14,1,1,60
BRDA:42,2,0,1
BRDA:42,2,1,60
BRDA:46,3,0,2
BRDA:46,3,1,59
BRDA:50,4,0,2
BRDA:50,4,1,59
BRDA:57,5,0,20
BRDA:57,5,1,18
BRDA:61,6,0,1
BRDA:61,6,1,17
BRDA:67,7,0,1
BRDA:67,7,1,16
BRDA:67,8,0,17
BRDA:67,8,1,1
BRDA:89,9,0,1
BRDA:89,9,1,60
BRDA:93,10,0,1
BRDA:93,10,1,60
BRDA:99,11,0,1
BRDA:99,11,1,60
BRDA:103,12,0,56
BRDA:103,12,1,5
BRDA:103,13,0,61
BRDA:103,13,1,59
BRDA:103,13,2,57
BRDA:105,14,0,3
BRDA:105,14,1,53
BRDA:105,15,0,56
BRDA:105,15,1,3
BRDA:110,16,0,4
BRDA:110,16,1,57
BRDA:115,17,0,9
BRDA:115,17,1,85
BRDA:115,18,0,94
BRDA:115,18,1,76
BRDA:124,19,0,3
BRDA:124,19,1,57
BRDA:140,20,0,15
BRDA:140,20,1,2
BRDA:140,21,0,17
BRDA:140,21,1,17
BRF:45
BRH:45
end_of_record
TN:
SF:/Users/bytedance/Desktop/110.基于TypeScript从零重构axios/ts-axios/src/helpers/cookie.ts
FN:2,(anonymous_0)
FNF:1
FNH:1
FNDA:58,(anonymous_0)
DA:1,13
DA:3,58
DA:4,58
DA:8,13
LF:4
LH:4
BRDA:4,0,0,4
BRDA:4,0,1,54
BRF:2
BRH:2
end_of_record
TN:
SF:/Users/bytedance/Desktop/110.基于TypeScript从零重构axios/ts-axios/src/helpers/data.ts
FN:3,transformRequest
FN:10,transformResponse
FNF:2
FNH:2
FNDA:62,transformRequest
FNDA:21,transformResponse
DA:1,13
DA:3,13
DA:4,62
DA:5,7
DA:7,55
DA:10,13
DA:11,21
DA:12,19
DA:13,19
DA:18,21
LF:10
LH:10
BRDA:4,0,0,7
BRDA:4,0,1,55
BRDA:11,1,0,19
BRDA:11,1,1,2
BRF:4
BRH:4
end_of_record
TN:
SF:/Users/bytedance/Desktop/110.基于TypeScript从零重构axios/ts-axios/src/helpers/error.ts
FN:3,(anonymous_6)
FN:30,createError
FNF:2
FNH:2
FNDA:13,(anonymous_6)
FNDA:5,createError
DA:3,13
DA:28,13
DA:30,13
DA:37,5
DA:39,5
LF:5
LH:5
BRF:0
BRH:0
end_of_record
TN:
SF:/Users/bytedance/Desktop/110.基于TypeScript从零重构axios/ts-axios/src/helpers/headers.ts
FN:4,normalizeHeaderName
FN:8,(anonymous_1)
FN:16,processHeaders
FN:27,parseHeaders
FN:33,(anonymous_4)
FN:46,flattenHeaders
FN:54,(anonymous_6)
FNF:7
FNH:7
FNDA:65,normalizeHeaderName
FNDA:476,(anonymous_1)
FNDA:65,processHeaders
FNDA:19,parseHeaders
FNDA:40,(anonymous_4)
FNDA:65,flattenHeaders
FNDA:496,(anonymous_6)
DA:1,13
DA:5,65
DA:6,4
DA:8,61
DA:9,476
DA:10,2
DA:11,2
DA:16,13
DA:17,65
DA:19,65
DA:20,10
DA:21,5
DA:24,65
DA:27,13
DA:28,19
DA:29,19
DA:30,1
DA:33,18
DA:34,40
DA:35,40
DA:36,40
DA:37,18
DA:39,22
DA:40,22
DA:43,18
DA:46,13
DA:47,65
DA:48,3
DA:50,62
DA:52,62
DA:54,62
DA:55,496
DA:58,62
LF:33
LH:33
BRDA:5,0,0,4
BRDA:5,0,1,61
BRDA:9,1,0,2
BRDA:9,1,1,474
BRDA:9,2,0,476
BRDA:9,2,1,476
BRDA:19,3,0,10
BRDA:19,3,1,55
BRDA:20,4,0,5
BRDA:20,4,1,5
BRDA:20,5,0,10
BRDA:20,5,1,7
BRDA:29,6,0,1
BRDA:29,6,1,18
BRDA:36,7,0,18
BRDA:36,7,1,22
BRDA:47,8,0,3
BRDA:47,8,1,62
BRF:18
BRH:18
end_of_record
TN:
SF:/Users/bytedance/Desktop/110.基于TypeScript从零重构axios/ts-axios/src/helpers/url.ts
FN:8,encode
FN:19,buildURL
FN:37,(anonymous_2)
FN:49,(anonymous_3)
FN:74,isAbsoluteURL
FN:78,combineURL
FN:82,isURLSameOrigin
FN:92,resolveURL
FNF:8
FNH:8
FNDA:24,encode
FNDA:74,buildURL
FNDA:13,(anonymous_2)
FNDA:12,(anonymous_3)
FNDA:12,isAbsoluteURL
FNDA:9,combineURL
FNDA:61,isURLSameOrigin
FNDA:74,resolveURL
DA:1,13
DA:9,24
DA:19,13
DA:24,74
DA:25,62
DA:30,12
DA:31,1
DA:32,11
DA:33,1
DA:35,10
DA:37,10
DA:38,13
DA:39,13
DA:40,2
DA:42,11
DA:43,11
DA:44,1
DA:45,1
DA:47,10
DA:49,11
DA:50,12
DA:51,1
DA:52,11
DA:53,1
DA:55,12
DA:59,10
DA:62,12
DA:63,11
DA:64,11
DA:65,1
DA:68,11
DA:71,12
DA:74,13
DA:75,12
DA:78,13
DA:79,9
DA:82,13
DA:83,61
DA:84,61
DA:89,13
DA:90,13
DA:93,74
DA:94,148
DA:96,74
LF:44
LH:44
BRDA:24,0,0,62
BRDA:24,0,1,12
BRDA:30,1,0,1
BRDA:30,1,1,11
BRDA:32,2,0,1
BRDA:32,2,1,10
BRDA:39,3,0,2
BRDA:39,3,1,11
BRDA:39,4,0,13
BRDA:39,4,1,11
BRDA:43,5,0,1
BRDA:43,5,1,10
BRDA:50,6,0,1
BRDA:50,6,1,11
BRDA:52,7,0,1
BRDA:52,7,1,10
BRDA:62,8,0,11
BRDA:62,8,1,1
BRDA:64,9,0,1
BRDA:64,9,1,10
BRDA:68,10,0,9
BRDA:68,10,1,2
BRDA:79,11,0,8
BRDA:79,11,1,1
BRDA:85,12,0,61
BRDA:85,12,1,60
BRF:26
BRH:26
end_of_record
TN:
SF:/Users/bytedance/Desktop/110.基于TypeScript从零重构axios/ts-axios/src/helpers/util.ts
FN:3,isDate
FN:11,isPlainObject
FN:15,isFormData
FN:19,isURLSearchParams
FN:23,extend
FN:30,deepMerge
FN:33,(anonymous_6)
FN:35,(anonymous_7)
FNF:8
FNH:8
FNDA:14,isDate
FNDA:3549,isPlainObject
FNDA:63,isFormData
FNDA:13,isURLSearchParams
FNDA:38,extend
FNDA:1398,deepMerge
FNDA:1551,(anonymous_6)
FNDA:1993,(anonymous_7)
DA:1,16
DA:3,16
DA:4,14
DA:11,16
DA:12,3549
DA:15,16
DA:16,63
DA:19,16
DA:20,13
DA:23,16
DA:24,38
DA:25,470
DA:27,38
DA:30,4347
DA:31,1398
DA:33,1398
DA:34,1551
DA:35,1536
DA:36,1993
DA:37,1993
DA:38,1227
DA:39,4
DA:41,1223
DA:44,766
DA:50,1398
LF:25
LH:25
BRDA:16,0,0,63
BRDA:16,0,1,63
BRDA:20,1,0,13
BRDA:20,1,1,13
BRDA:34,2,0,1536
BRDA:34,2,1,15
BRDA:37,3,0,1227
BRDA:37,3,1,766
BRDA:38,4,0,4
BRDA:38,4,1,1223
BRF:10
BRH:10
end_of_record
